[2025-10-30 11:12:00] [Handle Error] System.ComponentModel.Win32Exception (2): An error occurred trying to start process 'D:\PROJECT\SBA\CONSUM_SCREEN_PAGE_BY_SE_C\ConsummerScreenPageBot\net8.0\chromedriver.exe' with working directory 'D:\PROJECT\SBA\CONSUM_SCREEN_PAGE_BY_SE_C\ConsummerScreenPageBot'. The system cannot find the file specified.
   at System.Diagnostics.Process.StartWithCreateProcess(ProcessStartInfo startInfo)
   at OpenQA.Selenium.DriverService.Start()
   at OpenQA.Selenium.Remote.DriverServiceCommandExecutor.Execute(Command commandToExecute)
   at OpenQA.Selenium.WebDriver.Execute(String driverCommandToExecute, Dictionary`2 parameters)
   at OpenQA.Selenium.WebDriver.StartSession(ICapabilities desiredCapabilities)
   at OpenQA.Selenium.WebDriver..ctor(ICommandExecutor executor, ICapabilities capabilities)
   at OpenQA.Selenium.Chromium.ChromiumDriver..ctor(ChromiumDriverService service, ChromiumOptions options, TimeSpan commandTimeout)
   at OpenQA.Selenium.Chrome.ChromeDriver..ctor(ChromeDriverService service, ChromeOptions options, TimeSpan commandTimeout)
   at OpenQA.Selenium.Chrome.ChromeDriver..ctor(String chromeDriverDirectory, ChromeOptions options, TimeSpan commandTimeout)
   at ConsummerScreenPageBot.Program.Main(String[] args) in D:\PROJECT\SBA\CONSUM_SCREEN_PAGE_BY_SE_C\ConsummerScreenPageBot\Program.cs:line 52
[2025-10-30 11:22:30] [Handle Error] System.ComponentModel.Win32Exception (2): An error occurred trying to start process 'D:\PROJECT\SBA\CONSUM_SCREEN_PAGE_BY_SE_C\ConsummerScreenPageBot\net8.0\chromedriver.exe' with working directory 'D:\PROJECT\SBA\CONSUM_SCREEN_PAGE_BY_SE_C\ConsummerScreenPageBot'. The system cannot find the file specified.
   at System.Diagnostics.Process.StartWithCreateProcess(ProcessStartInfo startInfo)
   at OpenQA.Selenium.DriverService.Start()
   at OpenQA.Selenium.Remote.DriverServiceCommandExecutor.Execute(Command commandToExecute)
   at OpenQA.Selenium.WebDriver.Execute(String driverCommandToExecute, Dictionary`2 parameters)
   at OpenQA.Selenium.WebDriver.StartSession(ICapabilities desiredCapabilities)
   at OpenQA.Selenium.WebDriver..ctor(ICommandExecutor executor, ICapabilities capabilities)
   at OpenQA.Selenium.Chromium.ChromiumDriver..ctor(ChromiumDriverService service, ChromiumOptions options, TimeSpan commandTimeout)
   at OpenQA.Selenium.Chrome.ChromeDriver..ctor(ChromeDriverService service, ChromeOptions options, TimeSpan commandTimeout)
   at OpenQA.Selenium.Chrome.ChromeDriver..ctor(String chromeDriverDirectory, ChromeOptions options, TimeSpan commandTimeout)
   at ConsummerScreenPageBot.Program.Main(String[] args) in D:\PROJECT\SBA\CONSUM_SCREEN_PAGE_BY_SE_C\ConsummerScreenPageBot\Program.cs:line 52
[2025-10-30 11:23:48] [Handle Error] System.InvalidOperationException: session not created: This version of ChromeDriver only supports Chrome version 139
Current browser version is 141.0.7390.123 with binary path C:\Program Files\Google\Chrome\Application\chrome.exe (SessionNotCreated)
   at OpenQA.Selenium.WebDriver.UnpackAndThrowOnError(Response errorResponse, String commandToExecute)
   at OpenQA.Selenium.WebDriver.Execute(String driverCommandToExecute, Dictionary`2 parameters)
   at OpenQA.Selenium.WebDriver.StartSession(ICapabilities desiredCapabilities)
   at OpenQA.Selenium.WebDriver..ctor(ICommandExecutor executor, ICapabilities capabilities)
   at OpenQA.Selenium.Chromium.ChromiumDriver..ctor(ChromiumDriverService service, ChromiumOptions options, TimeSpan commandTimeout)
   at OpenQA.Selenium.Chrome.ChromeDriver..ctor(ChromeDriverService service, ChromeOptions options, TimeSpan commandTimeout)
   at OpenQA.Selenium.Chrome.ChromeDriver..ctor(String chromeDriverDirectory, ChromeOptions options, TimeSpan commandTimeout)
   at ConsummerScreenPageBot.Program.Main(String[] args) in D:\PROJECT\SBA\CONSUM_SCREEN_PAGE_BY_SE_C\ConsummerScreenPageBot\Program.cs:line 52
[2025-10-30 11:26:07] [Handle Error] System.InvalidOperationException: session not created: This version of ChromeDriver only supports Chrome version 139
Current browser version is 141.0.7390.123 with binary path C:\Program Files\Google\Chrome\Application\chrome.exe (SessionNotCreated)
   at OpenQA.Selenium.WebDriver.UnpackAndThrowOnError(Response errorResponse, String commandToExecute)
   at OpenQA.Selenium.WebDriver.Execute(String driverCommandToExecute, Dictionary`2 parameters)
   at OpenQA.Selenium.WebDriver.StartSession(ICapabilities desiredCapabilities)
   at OpenQA.Selenium.WebDriver..ctor(ICommandExecutor executor, ICapabilities capabilities)
   at OpenQA.Selenium.Chromium.ChromiumDriver..ctor(ChromiumDriverService service, ChromiumOptions options, TimeSpan commandTimeout)
   at OpenQA.Selenium.Chrome.ChromeDriver..ctor(ChromeDriverService service, ChromeOptions options, TimeSpan commandTimeout)
   at OpenQA.Selenium.Chrome.ChromeDriver..ctor(String chromeDriverDirectory, ChromeOptions options, TimeSpan commandTimeout)
   at ConsummerScreenPageBot.Program.Main(String[] args) in D:\PROJECT\SBA\CONSUM_SCREEN_PAGE_BY_SE_C\ConsummerScreenPageBot\Program.cs:line 52
[2025-10-30 11:27:01] [Handle Error] System.InvalidOperationException: session not created: This version of ChromeDriver only supports Chrome version 139
Current browser version is 141.0.7390.123 with binary path C:\Program Files\Google\Chrome\Application\chrome.exe (SessionNotCreated)
   at OpenQA.Selenium.WebDriver.UnpackAndThrowOnError(Response errorResponse, String commandToExecute)
   at OpenQA.Selenium.WebDriver.Execute(String driverCommandToExecute, Dictionary`2 parameters)
   at OpenQA.Selenium.WebDriver.StartSession(ICapabilities desiredCapabilities)
   at OpenQA.Selenium.WebDriver..ctor(ICommandExecutor executor, ICapabilities capabilities)
   at OpenQA.Selenium.Chromium.ChromiumDriver..ctor(ChromiumDriverService service, ChromiumOptions options, TimeSpan commandTimeout)
   at OpenQA.Selenium.Chrome.ChromeDriver..ctor(ChromeDriverService service, ChromeOptions options, TimeSpan commandTimeout)
   at OpenQA.Selenium.Chrome.ChromeDriver..ctor(String chromeDriverDirectory, ChromeOptions options, TimeSpan commandTimeout)
   at ConsummerScreenPageBot.Program.Main(String[] args) in D:\PROJECT\SBA\CONSUM_SCREEN_PAGE_BY_SE_C\ConsummerScreenPageBot\Program.cs:line 52
[2025-10-30 11:29:55] [Handle Error] System.InvalidOperationException: session not created: This version of ChromeDriver only supports Chrome version 142
Current browser version is 141.0.7390.123 with binary path C:\Program Files\Google\Chrome\Application\chrome.exe (SessionNotCreated)
   at OpenQA.Selenium.WebDriver.UnpackAndThrowOnError(Response errorResponse, String commandToExecute)
   at OpenQA.Selenium.WebDriver.Execute(String driverCommandToExecute, Dictionary`2 parameters)
   at OpenQA.Selenium.WebDriver.StartSession(ICapabilities desiredCapabilities)
   at OpenQA.Selenium.WebDriver..ctor(ICommandExecutor executor, ICapabilities capabilities)
   at OpenQA.Selenium.Chromium.ChromiumDriver..ctor(ChromiumDriverService service, ChromiumOptions options, TimeSpan commandTimeout)
   at OpenQA.Selenium.Chrome.ChromeDriver..ctor(ChromeDriverService service, ChromeOptions options, TimeSpan commandTimeout)
   at OpenQA.Selenium.Chrome.ChromeDriver..ctor(String chromeDriverDirectory, ChromeOptions options, TimeSpan commandTimeout)
   at ConsummerScreenPageBot.Program.Main(String[] args) in D:\PROJECT\SBA\CONSUM_SCREEN_PAGE_BY_SE_C\ConsummerScreenPageBot\Program.cs:line 52
[2025-10-30 14:32:31] [Handle Error] System.InvalidOperationException: session not created: Chrome instance exited. Examine ChromeDriver verbose log to determine the cause. (SessionNotCreated)
   at OpenQA.Selenium.WebDriver.UnpackAndThrowOnError(Response errorResponse, String commandToExecute)
   at OpenQA.Selenium.WebDriver.Execute(String driverCommandToExecute, Dictionary`2 parameters)
   at OpenQA.Selenium.WebDriver.StartSession(ICapabilities desiredCapabilities)
   at OpenQA.Selenium.WebDriver..ctor(ICommandExecutor executor, ICapabilities capabilities)
   at OpenQA.Selenium.Chromium.ChromiumDriver..ctor(ChromiumDriverService service, ChromiumOptions options, TimeSpan commandTimeout)
   at OpenQA.Selenium.Chrome.ChromeDriver..ctor(ChromeDriverService service, ChromeOptions options, TimeSpan commandTimeout)
   at OpenQA.Selenium.Chrome.ChromeDriver..ctor(String chromeDriverDirectory, ChromeOptions options, TimeSpan commandTimeout)
   at ConsummerScreenPageBot.Program.Main(String[] args) in D:\PROJECT\SBA\CONSUM_SCREEN_PAGE_BY_SE_C\ConsummerScreenPageBot\Program.cs:line 61
[2025-10-30 14:33:26] [Handle Error] System.InvalidOperationException: session not created: Chrome instance exited. Examine ChromeDriver verbose log to determine the cause. (SessionNotCreated)
   at OpenQA.Selenium.WebDriver.UnpackAndThrowOnError(Response errorResponse, String commandToExecute)
   at OpenQA.Selenium.WebDriver.Execute(String driverCommandToExecute, Dictionary`2 parameters)
   at OpenQA.Selenium.WebDriver.StartSession(ICapabilities desiredCapabilities)
   at OpenQA.Selenium.WebDriver..ctor(ICommandExecutor executor, ICapabilities capabilities)
   at OpenQA.Selenium.Chromium.ChromiumDriver..ctor(ChromiumDriverService service, ChromiumOptions options, TimeSpan commandTimeout)
   at OpenQA.Selenium.Chrome.ChromeDriver..ctor(ChromeDriverService service, ChromeOptions options, TimeSpan commandTimeout)
   at OpenQA.Selenium.Chrome.ChromeDriver..ctor(String chromeDriverDirectory, ChromeOptions options, TimeSpan commandTimeout)
   at ConsummerScreenPageBot.Program.Main(String[] args) in D:\PROJECT\SBA\CONSUM_SCREEN_PAGE_BY_SE_C\ConsummerScreenPageBot\Program.cs:line 61
[2025-10-30 14:35:24] [Handle Error] System.InvalidOperationException: session not created: Chrome instance exited. Examine ChromeDriver verbose log to determine the cause. (SessionNotCreated)
   at OpenQA.Selenium.WebDriver.UnpackAndThrowOnError(Response errorResponse, String commandToExecute)
   at OpenQA.Selenium.WebDriver.Execute(String driverCommandToExecute, Dictionary`2 parameters)
   at OpenQA.Selenium.WebDriver.StartSession(ICapabilities desiredCapabilities)
   at OpenQA.Selenium.WebDriver..ctor(ICommandExecutor executor, ICapabilities capabilities)
   at OpenQA.Selenium.Chromium.ChromiumDriver..ctor(ChromiumDriverService service, ChromiumOptions options, TimeSpan commandTimeout)
   at OpenQA.Selenium.Chrome.ChromeDriver..ctor(ChromeDriverService service, ChromeOptions options, TimeSpan commandTimeout)
   at OpenQA.Selenium.Chrome.ChromeDriver..ctor(String chromeDriverDirectory, ChromeOptions options, TimeSpan commandTimeout)
   at ConsummerScreenPageBot.Program.Main(String[] args) in D:\PROJECT\SBA\CONSUM_SCREEN_PAGE_BY_SE_C\ConsummerScreenPageBot\Program.cs:line 61
[2025-10-30 14:41:17] [Handle Error] System.InvalidOperationException: session not created: Chrome instance exited. Examine ChromeDriver verbose log to determine the cause. (SessionNotCreated)
   at OpenQA.Selenium.WebDriver.UnpackAndThrowOnError(Response errorResponse, String commandToExecute)
   at OpenQA.Selenium.WebDriver.Execute(String driverCommandToExecute, Dictionary`2 parameters)
   at OpenQA.Selenium.WebDriver.StartSession(ICapabilities desiredCapabilities)
   at OpenQA.Selenium.WebDriver..ctor(ICommandExecutor executor, ICapabilities capabilities)
   at OpenQA.Selenium.Chromium.ChromiumDriver..ctor(ChromiumDriverService service, ChromiumOptions options, TimeSpan commandTimeout)
   at OpenQA.Selenium.Chrome.ChromeDriver..ctor(ChromeDriverService service, ChromeOptions options, TimeSpan commandTimeout)
   at OpenQA.Selenium.Chrome.ChromeDriver..ctor(String chromeDriverDirectory, ChromeOptions options, TimeSpan commandTimeout)
   at ConsummerScreenPageBot.Program.Main(String[] args) in D:\PROJECT\SBA\CONSUM_SCREEN_PAGE_BY_SE_C\ConsummerScreenPageBot\Program.cs:line 61
[2025-10-30 14:41:28] [Handle Error] System.InvalidOperationException: session not created: Chrome instance exited. Examine ChromeDriver verbose log to determine the cause. (SessionNotCreated)
   at OpenQA.Selenium.WebDriver.UnpackAndThrowOnError(Response errorResponse, String commandToExecute)
   at OpenQA.Selenium.WebDriver.Execute(String driverCommandToExecute, Dictionary`2 parameters)
   at OpenQA.Selenium.WebDriver.StartSession(ICapabilities desiredCapabilities)
   at OpenQA.Selenium.WebDriver..ctor(ICommandExecutor executor, ICapabilities capabilities)
   at OpenQA.Selenium.Chromium.ChromiumDriver..ctor(ChromiumDriverService service, ChromiumOptions options, TimeSpan commandTimeout)
   at OpenQA.Selenium.Chrome.ChromeDriver..ctor(ChromeDriverService service, ChromeOptions options, TimeSpan commandTimeout)
   at OpenQA.Selenium.Chrome.ChromeDriver..ctor(String chromeDriverDirectory, ChromeOptions options, TimeSpan commandTimeout)
   at ConsummerScreenPageBot.Program.Main(String[] args) in D:\PROJECT\SBA\CONSUM_SCREEN_PAGE_BY_SE_C\ConsummerScreenPageBot\Program.cs:line 61
[2025-10-30 14:42:54] [Handle Error] System.InvalidOperationException: session not created: Chrome instance exited. Examine ChromeDriver verbose log to determine the cause. (SessionNotCreated)
   at OpenQA.Selenium.WebDriver.UnpackAndThrowOnError(Response errorResponse, String commandToExecute)
   at OpenQA.Selenium.WebDriver.Execute(String driverCommandToExecute, Dictionary`2 parameters)
   at OpenQA.Selenium.WebDriver.StartSession(ICapabilities desiredCapabilities)
   at OpenQA.Selenium.WebDriver..ctor(ICommandExecutor executor, ICapabilities capabilities)
   at OpenQA.Selenium.Chromium.ChromiumDriver..ctor(ChromiumDriverService service, ChromiumOptions options, TimeSpan commandTimeout)
   at OpenQA.Selenium.Chrome.ChromeDriver..ctor(ChromeDriverService service, ChromeOptions options, TimeSpan commandTimeout)
   at OpenQA.Selenium.Chrome.ChromeDriver..ctor(String chromeDriverDirectory, ChromeOptions options, TimeSpan commandTimeout)
   at ConsummerScreenPageBot.Program.Main(String[] args) in D:\PROJECT\SBA\CONSUM_SCREEN_PAGE_BY_SE_C\ConsummerScreenPageBot\Program.cs:line 61
[2025-10-30 14:43:22] [Handle Error] System.InvalidOperationException: session not created: Chrome instance exited. Examine ChromeDriver verbose log to determine the cause. (SessionNotCreated)
   at OpenQA.Selenium.WebDriver.UnpackAndThrowOnError(Response errorResponse, String commandToExecute)
   at OpenQA.Selenium.WebDriver.Execute(String driverCommandToExecute, Dictionary`2 parameters)
   at OpenQA.Selenium.WebDriver.StartSession(ICapabilities desiredCapabilities)
   at OpenQA.Selenium.WebDriver..ctor(ICommandExecutor executor, ICapabilities capabilities)
   at OpenQA.Selenium.Chromium.ChromiumDriver..ctor(ChromiumDriverService service, ChromiumOptions options, TimeSpan commandTimeout)
   at OpenQA.Selenium.Chrome.ChromeDriver..ctor(ChromeDriverService service, ChromeOptions options, TimeSpan commandTimeout)
   at OpenQA.Selenium.Chrome.ChromeDriver..ctor(String chromeDriverDirectory, ChromeOptions options, TimeSpan commandTimeout)
   at ConsummerScreenPageBot.Program.Main(String[] args) in D:\PROJECT\SBA\CONSUM_SCREEN_PAGE_BY_SE_C\ConsummerScreenPageBot\Program.cs:line 61
[2025-10-30 14:46:12] [Handle Error] System.InvalidOperationException: session not created: Chrome instance exited. Examine ChromeDriver verbose log to determine the cause. (SessionNotCreated)
   at OpenQA.Selenium.WebDriver.UnpackAndThrowOnError(Response errorResponse, String commandToExecute)
   at OpenQA.Selenium.WebDriver.Execute(String driverCommandToExecute, Dictionary`2 parameters)
   at OpenQA.Selenium.WebDriver.StartSession(ICapabilities desiredCapabilities)
   at OpenQA.Selenium.WebDriver..ctor(ICommandExecutor executor, ICapabilities capabilities)
   at OpenQA.Selenium.Chromium.ChromiumDriver..ctor(ChromiumDriverService service, ChromiumOptions options, TimeSpan commandTimeout)
   at OpenQA.Selenium.Chrome.ChromeDriver..ctor(ChromeDriverService service, ChromeOptions options, TimeSpan commandTimeout)
   at OpenQA.Selenium.Chrome.ChromeDriver..ctor(String chromeDriverDirectory, ChromeOptions options, TimeSpan commandTimeout)
   at ConsummerScreenPageBot.Program.Main(String[] args) in D:\PROJECT\SBA\CONSUM_SCREEN_PAGE_BY_SE_C\ConsummerScreenPageBot\Program.cs:line 61
[2025-10-30 14:46:56] [Handle Error] System.InvalidOperationException: session not created: Chrome instance exited. Examine ChromeDriver verbose log to determine the cause. (SessionNotCreated)
   at OpenQA.Selenium.WebDriver.UnpackAndThrowOnError(Response errorResponse, String commandToExecute)
   at OpenQA.Selenium.WebDriver.Execute(String driverCommandToExecute, Dictionary`2 parameters)
   at OpenQA.Selenium.WebDriver.StartSession(ICapabilities desiredCapabilities)
   at OpenQA.Selenium.WebDriver..ctor(ICommandExecutor executor, ICapabilities capabilities)
   at OpenQA.Selenium.Chromium.ChromiumDriver..ctor(ChromiumDriverService service, ChromiumOptions options, TimeSpan commandTimeout)
   at OpenQA.Selenium.Chrome.ChromeDriver..ctor(ChromeDriverService service, ChromeOptions options, TimeSpan commandTimeout)
   at ConsummerScreenPageBot.Program.Main(String[] args) in D:\PROJECT\SBA\CONSUM_SCREEN_PAGE_BY_SE_C\ConsummerScreenPageBot\Program.cs:line 65
[2025-10-30 14:49:26] [Handle Error] System.InvalidOperationException: session not created: Chrome instance exited. Examine ChromeDriver verbose log to determine the cause. (SessionNotCreated)
   at OpenQA.Selenium.WebDriver.UnpackAndThrowOnError(Response errorResponse, String commandToExecute)
   at OpenQA.Selenium.WebDriver.Execute(String driverCommandToExecute, Dictionary`2 parameters)
   at OpenQA.Selenium.WebDriver.StartSession(ICapabilities desiredCapabilities)
   at OpenQA.Selenium.WebDriver..ctor(ICommandExecutor executor, ICapabilities capabilities)
   at OpenQA.Selenium.Chromium.ChromiumDriver..ctor(ChromiumDriverService service, ChromiumOptions options, TimeSpan commandTimeout)
   at OpenQA.Selenium.Chrome.ChromeDriver..ctor(ChromeDriverService service, ChromeOptions options, TimeSpan commandTimeout)
   at ConsummerScreenPageBot.Program.Main(String[] args) in D:\PROJECT\SBA\CONSUM_SCREEN_PAGE_BY_SE_C\ConsummerScreenPageBot\Program.cs:line 65
[2025-10-30 14:49:57] [Handle Error] System.InvalidOperationException: session not created: Chrome instance exited. Examine ChromeDriver verbose log to determine the cause. (SessionNotCreated)
   at OpenQA.Selenium.WebDriver.UnpackAndThrowOnError(Response errorResponse, String commandToExecute)
   at OpenQA.Selenium.WebDriver.Execute(String driverCommandToExecute, Dictionary`2 parameters)
   at OpenQA.Selenium.WebDriver.StartSession(ICapabilities desiredCapabilities)
   at OpenQA.Selenium.WebDriver..ctor(ICommandExecutor executor, ICapabilities capabilities)
   at OpenQA.Selenium.Chromium.ChromiumDriver..ctor(ChromiumDriverService service, ChromiumOptions options, TimeSpan commandTimeout)
   at OpenQA.Selenium.Chrome.ChromeDriver..ctor(ChromeDriverService service, ChromeOptions options, TimeSpan commandTimeout)
   at ConsummerScreenPageBot.Program.Main(String[] args) in D:\PROJECT\SBA\CONSUM_SCREEN_PAGE_BY_SE_C\ConsummerScreenPageBot\Program.cs:line 87
[2025-10-30 14:54:42] [Handle Error] System.InvalidOperationException: session not created: Chrome instance exited. Examine ChromeDriver verbose log to determine the cause. (SessionNotCreated)
   at OpenQA.Selenium.WebDriver.UnpackAndThrowOnError(Response errorResponse, String commandToExecute)
   at OpenQA.Selenium.WebDriver.Execute(String driverCommandToExecute, Dictionary`2 parameters)
   at OpenQA.Selenium.WebDriver.StartSession(ICapabilities desiredCapabilities)
   at OpenQA.Selenium.WebDriver..ctor(ICommandExecutor executor, ICapabilities capabilities)
   at OpenQA.Selenium.Chromium.ChromiumDriver..ctor(ChromiumDriverService service, ChromiumOptions options, TimeSpan commandTimeout)
   at OpenQA.Selenium.Chrome.ChromeDriver..ctor(ChromeDriverService service, ChromeOptions options, TimeSpan commandTimeout)
   at ConsummerScreenPageBot.Program.Main(String[] args) in D:\PROJECT\SBA\CONSUM_SCREEN_PAGE_BY_SE_C\ConsummerScreenPageBot\Program.cs:line 115
[2025-10-30 14:57:42] [Handle Error] System.InvalidOperationException: session not created: Chrome instance exited. Examine ChromeDriver verbose log to determine the cause. (SessionNotCreated)
   at OpenQA.Selenium.WebDriver.UnpackAndThrowOnError(Response errorResponse, String commandToExecute)
   at OpenQA.Selenium.WebDriver.Execute(String driverCommandToExecute, Dictionary`2 parameters)
   at OpenQA.Selenium.WebDriver.StartSession(ICapabilities desiredCapabilities)
   at OpenQA.Selenium.WebDriver..ctor(ICommandExecutor executor, ICapabilities capabilities)
   at OpenQA.Selenium.Chromium.ChromiumDriver..ctor(ChromiumDriverService service, ChromiumOptions options, TimeSpan commandTimeout)
   at OpenQA.Selenium.Chrome.ChromeDriver..ctor(ChromeDriverService service, ChromeOptions options, TimeSpan commandTimeout)
   at ConsummerScreenPageBot.Program.Main(String[] args) in D:\PROJECT\SBA\CONSUM_SCREEN_PAGE_BY_SE_C\ConsummerScreenPageBot\Program.cs:line 115
[2025-10-30 14:59:39] [Handle Error] System.InvalidOperationException: session not created: Chrome instance exited. Examine ChromeDriver verbose log to determine the cause. (SessionNotCreated)
   at OpenQA.Selenium.WebDriver.UnpackAndThrowOnError(Response errorResponse, String commandToExecute)
   at OpenQA.Selenium.WebDriver.Execute(String driverCommandToExecute, Dictionary`2 parameters)
   at OpenQA.Selenium.WebDriver.StartSession(ICapabilities desiredCapabilities)
   at OpenQA.Selenium.WebDriver..ctor(ICommandExecutor executor, ICapabilities capabilities)
   at OpenQA.Selenium.Chromium.ChromiumDriver..ctor(ChromiumDriverService service, ChromiumOptions options, TimeSpan commandTimeout)
   at OpenQA.Selenium.Chrome.ChromeDriver..ctor(ChromeDriverService service, ChromeOptions options, TimeSpan commandTimeout)
   at ConsummerScreenPageBot.Program.Main(String[] args) in D:\PROJECT\SBA\CONSUM_SCREEN_PAGE_BY_SE_C\ConsummerScreenPageBot\Program.cs:line 115
[2025-10-30 16:43:45] [CaptureElement] OpenQA.Selenium.WebDriverException: invalid session id: session deleted as the browser has closed the connection
from disconnected: not connected to DevTools
  (Session info: chrome=142.0.7444.60)
   at OpenQA.Selenium.WebDriver.UnpackAndThrowOnError(Response errorResponse, String commandToExecute)
   at OpenQA.Selenium.WebDriver.Execute(String driverCommandToExecute, Dictionary`2 parameters)
   at OpenQA.Selenium.WebElement.get_Size()
   at ConsummerScreenPageBot.Program.CaptureBySelectors(IWebDriver driver, String[] selectors, String hostLabel) in D:\PROJECT\SBA\CONSUM_SCREEN_PAGE_BY_SE_C\ConsummerScreenPageBot\Program.cs:line 503
[2025-10-30 16:43:45] [CaptureElement] OpenQA.Selenium.WebDriverException: invalid session id
   at OpenQA.Selenium.WebDriver.UnpackAndThrowOnError(Response errorResponse, String commandToExecute)
   at OpenQA.Selenium.WebDriver.Execute(String driverCommandToExecute, Dictionary`2 parameters)
   at OpenQA.Selenium.WebElement.get_Size()
   at ConsummerScreenPageBot.Program.CaptureBySelectors(IWebDriver driver, String[] selectors, String hostLabel) in D:\PROJECT\SBA\CONSUM_SCREEN_PAGE_BY_SE_C\ConsummerScreenPageBot\Program.cs:line 503
[2025-10-30 16:43:46] [CaptureElement] OpenQA.Selenium.WebDriverException: invalid session id
   at OpenQA.Selenium.WebDriver.UnpackAndThrowOnError(Response errorResponse, String commandToExecute)
   at OpenQA.Selenium.WebDriver.Execute(String driverCommandToExecute, Dictionary`2 parameters)
   at OpenQA.Selenium.WebElement.get_Size()
   at ConsummerScreenPageBot.Program.CaptureBySelectors(IWebDriver driver, String[] selectors, String hostLabel) in D:\PROJECT\SBA\CONSUM_SCREEN_PAGE_BY_SE_C\ConsummerScreenPageBot\Program.cs:line 503
[2025-10-30 16:43:46] [CaptureElement] OpenQA.Selenium.WebDriverException: invalid session id
   at OpenQA.Selenium.WebDriver.UnpackAndThrowOnError(Response errorResponse, String commandToExecute)
   at OpenQA.Selenium.WebDriver.Execute(String driverCommandToExecute, Dictionary`2 parameters)
   at OpenQA.Selenium.WebElement.get_Size()
   at ConsummerScreenPageBot.Program.CaptureBySelectors(IWebDriver driver, String[] selectors, String hostLabel) in D:\PROJECT\SBA\CONSUM_SCREEN_PAGE_BY_SE_C\ConsummerScreenPageBot\Program.cs:line 503
[2025-10-30 16:43:46] [CaptureElement] OpenQA.Selenium.WebDriverException: invalid session id
   at OpenQA.Selenium.WebDriver.UnpackAndThrowOnError(Response errorResponse, String commandToExecute)
   at OpenQA.Selenium.WebDriver.Execute(String driverCommandToExecute, Dictionary`2 parameters)
   at OpenQA.Selenium.WebElement.get_Size()
   at ConsummerScreenPageBot.Program.CaptureBySelectors(IWebDriver driver, String[] selectors, String hostLabel) in D:\PROJECT\SBA\CONSUM_SCREEN_PAGE_BY_SE_C\ConsummerScreenPageBot\Program.cs:line 503
[2025-10-30 16:43:46] [QuerySelector] OpenQA.Selenium.WebDriverException: invalid session id
   at OpenQA.Selenium.WebDriver.UnpackAndThrowOnError(Response errorResponse, String commandToExecute)
   at OpenQA.Selenium.WebDriver.Execute(String driverCommandToExecute, Dictionary`2 parameters)
   at OpenQA.Selenium.WebDriver.FindElements(String mechanism, String value)
   at ConsummerScreenPageBot.Program.CaptureBySelectors(IWebDriver driver, String[] selectors, String hostLabel) in D:\PROJECT\SBA\CONSUM_SCREEN_PAGE_BY_SE_C\ConsummerScreenPageBot\Program.cs:line 476
[2025-10-30 16:43:46] [QuerySelector] OpenQA.Selenium.WebDriverException: invalid session id
   at OpenQA.Selenium.WebDriver.UnpackAndThrowOnError(Response errorResponse, String commandToExecute)
   at OpenQA.Selenium.WebDriver.Execute(String driverCommandToExecute, Dictionary`2 parameters)
   at OpenQA.Selenium.WebDriver.FindElements(String mechanism, String value)
   at ConsummerScreenPageBot.Program.CaptureBySelectors(IWebDriver driver, String[] selectors, String hostLabel) in D:\PROJECT\SBA\CONSUM_SCREEN_PAGE_BY_SE_C\ConsummerScreenPageBot\Program.cs:line 476
[2025-10-30 16:43:51] [FullPageScreenshot] OpenQA.Selenium.WebDriverException: invalid session id
   at OpenQA.Selenium.WebDriver.UnpackAndThrowOnError(Response errorResponse, String commandToExecute)
   at OpenQA.Selenium.WebDriver.Execute(String driverCommandToExecute, Dictionary`2 parameters)
   at OpenQA.Selenium.WebDriver.GetScreenshot()
   at ConsummerScreenPageBot.Program.CaptureFullPageScreenshot(IWebDriver driver, String hostLabel) in D:\PROJECT\SBA\CONSUM_SCREEN_PAGE_BY_SE_C\ConsummerScreenPageBot\Program.cs:line 346
[2025-10-30 16:43:52] [SegmentScreenshots] OpenQA.Selenium.WebDriverException: invalid session id
   at OpenQA.Selenium.WebDriver.UnpackAndThrowOnError(Response errorResponse, String commandToExecute)
   at OpenQA.Selenium.WebDriver.Execute(String driverCommandToExecute, Dictionary`2 parameters)
   at OpenQA.Selenium.WebDriver.GetScreenshot()
   at ConsummerScreenPageBot.Program.CaptureSegmentScreenshots(IWebDriver driver, String hostLabel, Int32 segmentCount) in D:\PROJECT\SBA\CONSUM_SCREEN_PAGE_BY_SE_C\ConsummerScreenPageBot\Program.cs:line 410
[2025-10-30 18:18:20] [Handle Error] RabbitMQ.Client.Exceptions.BrokerUnreachableException: None of the specified endpoints were reachable
 ---> System.AggregateException: One or more errors occurred. (Connection failed)
 ---> RabbitMQ.Client.Exceptions.ConnectFailureException: Connection failed
 ---> System.Net.Sockets.SocketException (10060): A connection attempt failed because the connected party did not properly respond after a period of time, or established connection failed because connected host has failed to respond.
   at System.Net.Sockets.Socket.AwaitableSocketAsyncEventArgs.ThrowException(SocketError error, CancellationToken cancellationToken)
   at System.Net.Sockets.Socket.AwaitableSocketAsyncEventArgs.System.Threading.Tasks.Sources.IValueTaskSource.GetResult(Int16 token)
   at System.Threading.Tasks.ValueTask.ValueTaskSourceAsTask.<>c.<.cctor>b__4_0(Object state)
--- End of stack trace from previous location ---
   at RabbitMQ.Client.TcpClientAdapter.ConnectAsync(String host, Int32 port)
   at RabbitMQ.Client.Impl.TaskExtensions.TimeoutAfter(Task task, TimeSpan timeout)
   at RabbitMQ.Client.Impl.SocketFrameHandler.ConnectOrFail(ITcpClient socket, AmqpTcpEndpoint endpoint, TimeSpan timeout)
   --- End of inner exception stack trace ---
   at RabbitMQ.Client.Impl.SocketFrameHandler.ConnectOrFail(ITcpClient socket, AmqpTcpEndpoint endpoint, TimeSpan timeout)
   at RabbitMQ.Client.Impl.SocketFrameHandler.ConnectUsingAddressFamily(AmqpTcpEndpoint endpoint, Func`2 socketFactory, TimeSpan timeout, AddressFamily family)
   at RabbitMQ.Client.Impl.SocketFrameHandler.ConnectUsingIPv4(AmqpTcpEndpoint endpoint, Func`2 socketFactory, TimeSpan timeout)
   at RabbitMQ.Client.Impl.SocketFrameHandler..ctor(AmqpTcpEndpoint endpoint, Func`2 socketFactory, TimeSpan connectionTimeout, TimeSpan readTimeout, TimeSpan writeTimeout)
   at RabbitMQ.Client.Framing.Impl.IProtocolExtensions.CreateFrameHandler(IProtocol protocol, AmqpTcpEndpoint endpoint, ArrayPool`1 pool, Func`2 socketFactory, TimeSpan connectionTimeout, TimeSpan readTimeout, TimeSpan writeTimeout)
   at RabbitMQ.Client.ConnectionFactory.CreateFrameHandler(AmqpTcpEndpoint endpoint)
   at RabbitMQ.Client.EndpointResolverExtensions.SelectOne[T](IEndpointResolver resolver, Func`2 selector)
   --- End of inner exception stack trace ---
   at RabbitMQ.Client.EndpointResolverExtensions.SelectOne[T](IEndpointResolver resolver, Func`2 selector)
   at RabbitMQ.Client.Framing.Impl.AutorecoveringConnection.Init(IEndpointResolver endpoints)
   at RabbitMQ.Client.ConnectionFactory.CreateConnection(IEndpointResolver endpointResolver, String clientProvidedName)
   --- End of inner exception stack trace ---
   at RabbitMQ.Client.ConnectionFactory.CreateConnection(IEndpointResolver endpointResolver, String clientProvidedName)
   at RabbitMQ.Client.ConnectionFactory.CreateConnection(String clientProvidedName)
   at RabbitMQ.Client.ConnectionFactory.CreateConnection()
   at ConsummerScreenPageBot.Program.Main(String[] args) in D:\PROJECT\SBA\CONSUM_SCREEN_PAGE_BY_SE_C\ConsummerScreenPageBot\Program.cs:line 152
[2025-10-30 18:20:00] [Handle Error] RabbitMQ.Client.Exceptions.BrokerUnreachableException: None of the specified endpoints were reachable
 ---> System.AggregateException: One or more errors occurred. (Connection failed)
 ---> RabbitMQ.Client.Exceptions.ConnectFailureException: Connection failed
 ---> System.Net.Sockets.SocketException (10060): A connection attempt failed because the connected party did not properly respond after a period of time, or established connection failed because connected host has failed to respond.
   at System.Net.Sockets.Socket.AwaitableSocketAsyncEventArgs.ThrowException(SocketError error, CancellationToken cancellationToken)
   at System.Net.Sockets.Socket.AwaitableSocketAsyncEventArgs.System.Threading.Tasks.Sources.IValueTaskSource.GetResult(Int16 token)
   at System.Threading.Tasks.ValueTask.ValueTaskSourceAsTask.<>c.<.cctor>b__4_0(Object state)
--- End of stack trace from previous location ---
   at RabbitMQ.Client.TcpClientAdapter.ConnectAsync(String host, Int32 port)
   at RabbitMQ.Client.Impl.TaskExtensions.TimeoutAfter(Task task, TimeSpan timeout)
   at RabbitMQ.Client.Impl.SocketFrameHandler.ConnectOrFail(ITcpClient socket, AmqpTcpEndpoint endpoint, TimeSpan timeout)
   --- End of inner exception stack trace ---
   at RabbitMQ.Client.Impl.SocketFrameHandler.ConnectOrFail(ITcpClient socket, AmqpTcpEndpoint endpoint, TimeSpan timeout)
   at RabbitMQ.Client.Impl.SocketFrameHandler.ConnectUsingAddressFamily(AmqpTcpEndpoint endpoint, Func`2 socketFactory, TimeSpan timeout, AddressFamily family)
   at RabbitMQ.Client.Impl.SocketFrameHandler.ConnectUsingIPv4(AmqpTcpEndpoint endpoint, Func`2 socketFactory, TimeSpan timeout)
   at RabbitMQ.Client.Impl.SocketFrameHandler..ctor(AmqpTcpEndpoint endpoint, Func`2 socketFactory, TimeSpan connectionTimeout, TimeSpan readTimeout, TimeSpan writeTimeout)
   at RabbitMQ.Client.Framing.Impl.IProtocolExtensions.CreateFrameHandler(IProtocol protocol, AmqpTcpEndpoint endpoint, ArrayPool`1 pool, Func`2 socketFactory, TimeSpan connectionTimeout, TimeSpan readTimeout, TimeSpan writeTimeout)
   at RabbitMQ.Client.ConnectionFactory.CreateFrameHandler(AmqpTcpEndpoint endpoint)
   at RabbitMQ.Client.EndpointResolverExtensions.SelectOne[T](IEndpointResolver resolver, Func`2 selector)
   --- End of inner exception stack trace ---
   at RabbitMQ.Client.EndpointResolverExtensions.SelectOne[T](IEndpointResolver resolver, Func`2 selector)
   at RabbitMQ.Client.Framing.Impl.AutorecoveringConnection.Init(IEndpointResolver endpoints)
   at RabbitMQ.Client.ConnectionFactory.CreateConnection(IEndpointResolver endpointResolver, String clientProvidedName)
   --- End of inner exception stack trace ---
   at RabbitMQ.Client.ConnectionFactory.CreateConnection(IEndpointResolver endpointResolver, String clientProvidedName)
   at RabbitMQ.Client.ConnectionFactory.CreateConnection(String clientProvidedName)
   at RabbitMQ.Client.ConnectionFactory.CreateConnection()
   at ConsummerScreenPageBot.Program.Main(String[] args) in D:\PROJECT\SBA\CONSUM_SCREEN_PAGE_BY_SE_C\ConsummerScreenPageBot\Program.cs:line 152
[2025-10-30 18:30:21] [Handle Error] RabbitMQ.Client.Exceptions.BrokerUnreachableException: None of the specified endpoints were reachable
 ---> System.AggregateException: One or more errors occurred. (Connection failed)
 ---> RabbitMQ.Client.Exceptions.ConnectFailureException: Connection failed
 ---> System.Net.Sockets.SocketException (10060): A connection attempt failed because the connected party did not properly respond after a period of time, or established connection failed because connected host has failed to respond.
   at System.Net.Sockets.Socket.AwaitableSocketAsyncEventArgs.ThrowException(SocketError error, CancellationToken cancellationToken)
   at System.Net.Sockets.Socket.AwaitableSocketAsyncEventArgs.System.Threading.Tasks.Sources.IValueTaskSource.GetResult(Int16 token)
   at System.Threading.Tasks.ValueTask.ValueTaskSourceAsTask.<>c.<.cctor>b__4_0(Object state)
--- End of stack trace from previous location ---
   at RabbitMQ.Client.TcpClientAdapter.ConnectAsync(String host, Int32 port)
   at RabbitMQ.Client.Impl.TaskExtensions.TimeoutAfter(Task task, TimeSpan timeout)
   at RabbitMQ.Client.Impl.SocketFrameHandler.ConnectOrFail(ITcpClient socket, AmqpTcpEndpoint endpoint, TimeSpan timeout)
   --- End of inner exception stack trace ---
   at RabbitMQ.Client.Impl.SocketFrameHandler.ConnectOrFail(ITcpClient socket, AmqpTcpEndpoint endpoint, TimeSpan timeout)
   at RabbitMQ.Client.Impl.SocketFrameHandler.ConnectUsingAddressFamily(AmqpTcpEndpoint endpoint, Func`2 socketFactory, TimeSpan timeout, AddressFamily family)
   at RabbitMQ.Client.Impl.SocketFrameHandler.ConnectUsingIPv4(AmqpTcpEndpoint endpoint, Func`2 socketFactory, TimeSpan timeout)
   at RabbitMQ.Client.Impl.SocketFrameHandler..ctor(AmqpTcpEndpoint endpoint, Func`2 socketFactory, TimeSpan connectionTimeout, TimeSpan readTimeout, TimeSpan writeTimeout)
   at RabbitMQ.Client.Framing.Impl.IProtocolExtensions.CreateFrameHandler(IProtocol protocol, AmqpTcpEndpoint endpoint, ArrayPool`1 pool, Func`2 socketFactory, TimeSpan connectionTimeout, TimeSpan readTimeout, TimeSpan writeTimeout)
   at RabbitMQ.Client.ConnectionFactory.CreateFrameHandler(AmqpTcpEndpoint endpoint)
   at RabbitMQ.Client.EndpointResolverExtensions.SelectOne[T](IEndpointResolver resolver, Func`2 selector)
   --- End of inner exception stack trace ---
   at RabbitMQ.Client.EndpointResolverExtensions.SelectOne[T](IEndpointResolver resolver, Func`2 selector)
   at RabbitMQ.Client.Framing.Impl.AutorecoveringConnection.Init(IEndpointResolver endpoints)
   at RabbitMQ.Client.ConnectionFactory.CreateConnection(IEndpointResolver endpointResolver, String clientProvidedName)
   --- End of inner exception stack trace ---
   at RabbitMQ.Client.ConnectionFactory.CreateConnection(IEndpointResolver endpointResolver, String clientProvidedName)
   at RabbitMQ.Client.ConnectionFactory.CreateConnection(String clientProvidedName)
   at RabbitMQ.Client.ConnectionFactory.CreateConnection()
   at ConsummerScreenPageBot.Program.Main(String[] args) in D:\PROJECT\SBA\CONSUM_SCREEN_PAGE_BY_SE_C\ConsummerScreenPageBot\Program.cs:line 146
[2025-10-30 18:35:02] [Handle Error] RabbitMQ.Client.Exceptions.BrokerUnreachableException: None of the specified endpoints were reachable
 ---> System.AggregateException: One or more errors occurred. (Connection failed)
 ---> RabbitMQ.Client.Exceptions.ConnectFailureException: Connection failed
 ---> System.Net.Sockets.SocketException (10060): A connection attempt failed because the connected party did not properly respond after a period of time, or established connection failed because connected host has failed to respond.
   at System.Net.Sockets.Socket.AwaitableSocketAsyncEventArgs.ThrowException(SocketError error, CancellationToken cancellationToken)
   at System.Net.Sockets.Socket.AwaitableSocketAsyncEventArgs.System.Threading.Tasks.Sources.IValueTaskSource.GetResult(Int16 token)
   at System.Threading.Tasks.ValueTask.ValueTaskSourceAsTask.<>c.<.cctor>b__4_0(Object state)
--- End of stack trace from previous location ---
   at RabbitMQ.Client.TcpClientAdapter.ConnectAsync(String host, Int32 port)
   at RabbitMQ.Client.Impl.TaskExtensions.TimeoutAfter(Task task, TimeSpan timeout)
   at RabbitMQ.Client.Impl.SocketFrameHandler.ConnectOrFail(ITcpClient socket, AmqpTcpEndpoint endpoint, TimeSpan timeout)
   --- End of inner exception stack trace ---
   at RabbitMQ.Client.Impl.SocketFrameHandler.ConnectOrFail(ITcpClient socket, AmqpTcpEndpoint endpoint, TimeSpan timeout)
   at RabbitMQ.Client.Impl.SocketFrameHandler.ConnectUsingAddressFamily(AmqpTcpEndpoint endpoint, Func`2 socketFactory, TimeSpan timeout, AddressFamily family)
   at RabbitMQ.Client.Impl.SocketFrameHandler.ConnectUsingIPv4(AmqpTcpEndpoint endpoint, Func`2 socketFactory, TimeSpan timeout)
   at RabbitMQ.Client.Impl.SocketFrameHandler..ctor(AmqpTcpEndpoint endpoint, Func`2 socketFactory, TimeSpan connectionTimeout, TimeSpan readTimeout, TimeSpan writeTimeout)
   at RabbitMQ.Client.Framing.Impl.IProtocolExtensions.CreateFrameHandler(IProtocol protocol, AmqpTcpEndpoint endpoint, ArrayPool`1 pool, Func`2 socketFactory, TimeSpan connectionTimeout, TimeSpan readTimeout, TimeSpan writeTimeout)
   at RabbitMQ.Client.ConnectionFactory.CreateFrameHandler(AmqpTcpEndpoint endpoint)
   at RabbitMQ.Client.EndpointResolverExtensions.SelectOne[T](IEndpointResolver resolver, Func`2 selector)
   --- End of inner exception stack trace ---
   at RabbitMQ.Client.EndpointResolverExtensions.SelectOne[T](IEndpointResolver resolver, Func`2 selector)
   at RabbitMQ.Client.Framing.Impl.AutorecoveringConnection.Init(IEndpointResolver endpoints)
   at RabbitMQ.Client.ConnectionFactory.CreateConnection(IEndpointResolver endpointResolver, String clientProvidedName)
   --- End of inner exception stack trace ---
   at RabbitMQ.Client.ConnectionFactory.CreateConnection(IEndpointResolver endpointResolver, String clientProvidedName)
   at RabbitMQ.Client.ConnectionFactory.CreateConnection(String clientProvidedName)
   at RabbitMQ.Client.ConnectionFactory.CreateConnection()
   at ConsummerScreenPageBot.Program.Main(String[] args) in D:\PROJECT\SBA\CONSUM_SCREEN_PAGE_BY_SE_C\ConsummerScreenPageBot\Program.cs:line 146
[2025-10-30 18:38:27] [Handle Error] RabbitMQ.Client.Exceptions.BrokerUnreachableException: None of the specified endpoints were reachable
 ---> System.AggregateException: One or more errors occurred. (Connection failed)
 ---> RabbitMQ.Client.Exceptions.ConnectFailureException: Connection failed
 ---> System.TimeoutException: The operation has timed out.
   at RabbitMQ.Client.Impl.TaskExtensions.TimeoutAfter(Task task, TimeSpan timeout)
   at RabbitMQ.Client.Impl.SocketFrameHandler.ConnectOrFail(ITcpClient socket, AmqpTcpEndpoint endpoint, TimeSpan timeout)
   --- End of inner exception stack trace ---
   at RabbitMQ.Client.Impl.SocketFrameHandler.ConnectOrFail(ITcpClient socket, AmqpTcpEndpoint endpoint, TimeSpan timeout)
   at RabbitMQ.Client.Impl.SocketFrameHandler.ConnectUsingAddressFamily(AmqpTcpEndpoint endpoint, Func`2 socketFactory, TimeSpan timeout, AddressFamily family)
   at RabbitMQ.Client.Impl.SocketFrameHandler.ConnectUsingIPv4(AmqpTcpEndpoint endpoint, Func`2 socketFactory, TimeSpan timeout)
   at RabbitMQ.Client.Impl.SocketFrameHandler..ctor(AmqpTcpEndpoint endpoint, Func`2 socketFactory, TimeSpan connectionTimeout, TimeSpan readTimeout, TimeSpan writeTimeout)
   at RabbitMQ.Client.Framing.Impl.IProtocolExtensions.CreateFrameHandler(IProtocol protocol, AmqpTcpEndpoint endpoint, ArrayPool`1 pool, Func`2 socketFactory, TimeSpan connectionTimeout, TimeSpan readTimeout, TimeSpan writeTimeout)
   at RabbitMQ.Client.ConnectionFactory.CreateFrameHandler(AmqpTcpEndpoint endpoint)
   at RabbitMQ.Client.EndpointResolverExtensions.SelectOne[T](IEndpointResolver resolver, Func`2 selector)
   --- End of inner exception stack trace ---
   at RabbitMQ.Client.EndpointResolverExtensions.SelectOne[T](IEndpointResolver resolver, Func`2 selector)
   at RabbitMQ.Client.Framing.Impl.AutorecoveringConnection.Init(IEndpointResolver endpoints)
   at RabbitMQ.Client.ConnectionFactory.CreateConnection(IEndpointResolver endpointResolver, String clientProvidedName)
   --- End of inner exception stack trace ---
   at RabbitMQ.Client.ConnectionFactory.CreateConnection(IEndpointResolver endpointResolver, String clientProvidedName)
   at RabbitMQ.Client.ConnectionFactory.CreateConnection(String clientProvidedName)
   at RabbitMQ.Client.ConnectionFactory.CreateConnection()
   at ConsummerScreenPageBot.Program.Main(String[] args) in D:\PROJECT\SBA\CONSUM_SCREEN_PAGE_BY_SE_C\ConsummerScreenPageBot\Program.cs:line 160
[2025-10-30 21:57:01] [Handle Error] System.InvalidOperationException: session not created: This version of ChromeDriver only supports Chrome version 142
Current browser version is 141.0.7390.123 with binary path C:\Program Files\Google\Chrome\Application\chrome.exe (SessionNotCreated)
   at OpenQA.Selenium.WebDriver.UnpackAndThrowOnError(Response errorResponse, String commandToExecute)
   at OpenQA.Selenium.WebDriver.Execute(String driverCommandToExecute, Dictionary`2 parameters)
   at OpenQA.Selenium.WebDriver.StartSession(ICapabilities desiredCapabilities)
   at OpenQA.Selenium.WebDriver..ctor(ICommandExecutor executor, ICapabilities capabilities)
   at OpenQA.Selenium.Chromium.ChromiumDriver..ctor(ChromiumDriverService service, ChromiumOptions options, TimeSpan commandTimeout)
   at OpenQA.Selenium.Chrome.ChromeDriver..ctor(ChromeDriverService service, ChromeOptions options, TimeSpan commandTimeout)
   at ConsummerScreenPageBot.Program.Main(String[] args) in F:\PROJECT\CAPTURE_FULL_PAGE_C#_SELELIUM\CONSUM_SCREEN_PAGE_BY_SE_C__GIT\CONSUMMER_Capture_FullPage_By_Selelium_C-\ConsummerScreenPageBot\Program.cs:line 134
[2025-10-30 22:01:25] [Handle Error] RabbitMQ.Client.Exceptions.BrokerUnreachableException: None of the specified endpoints were reachable
 ---> System.AggregateException: One or more errors occurred. (Connection failed)
 ---> RabbitMQ.Client.Exceptions.ConnectFailureException: Connection failed
 ---> System.TimeoutException: The operation has timed out.
   at RabbitMQ.Client.Impl.TaskExtensions.TimeoutAfter(Task task, TimeSpan timeout)
   at RabbitMQ.Client.Impl.SocketFrameHandler.ConnectOrFail(ITcpClient socket, AmqpTcpEndpoint endpoint, TimeSpan timeout)
   --- End of inner exception stack trace ---
   at RabbitMQ.Client.Impl.SocketFrameHandler.ConnectOrFail(ITcpClient socket, AmqpTcpEndpoint endpoint, TimeSpan timeout)
   at RabbitMQ.Client.Impl.SocketFrameHandler.ConnectUsingAddressFamily(AmqpTcpEndpoint endpoint, Func`2 socketFactory, TimeSpan timeout, AddressFamily family)
   at RabbitMQ.Client.Impl.SocketFrameHandler.ConnectUsingIPv4(AmqpTcpEndpoint endpoint, Func`2 socketFactory, TimeSpan timeout)
   at RabbitMQ.Client.Impl.SocketFrameHandler..ctor(AmqpTcpEndpoint endpoint, Func`2 socketFactory, TimeSpan connectionTimeout, TimeSpan readTimeout, TimeSpan writeTimeout)
   at RabbitMQ.Client.Framing.Impl.IProtocolExtensions.CreateFrameHandler(IProtocol protocol, AmqpTcpEndpoint endpoint, ArrayPool`1 pool, Func`2 socketFactory, TimeSpan connectionTimeout, TimeSpan readTimeout, TimeSpan writeTimeout)
   at RabbitMQ.Client.ConnectionFactory.CreateFrameHandler(AmqpTcpEndpoint endpoint)
   at RabbitMQ.Client.EndpointResolverExtensions.SelectOne[T](IEndpointResolver resolver, Func`2 selector)
   --- End of inner exception stack trace ---
   at RabbitMQ.Client.EndpointResolverExtensions.SelectOne[T](IEndpointResolver resolver, Func`2 selector)
   at RabbitMQ.Client.Framing.Impl.AutorecoveringConnection.Init(IEndpointResolver endpoints)
   at RabbitMQ.Client.ConnectionFactory.CreateConnection(IEndpointResolver endpointResolver, String clientProvidedName)
   --- End of inner exception stack trace ---
   at RabbitMQ.Client.ConnectionFactory.CreateConnection(IEndpointResolver endpointResolver, String clientProvidedName)
   at RabbitMQ.Client.ConnectionFactory.CreateConnection(String clientProvidedName)
   at RabbitMQ.Client.ConnectionFactory.CreateConnection()
   at ConsummerScreenPageBot.Program.Main(String[] args) in F:\PROJECT\CAPTURE_FULL_PAGE_C#_SELELIUM\CONSUM_SCREEN_PAGE_BY_SE_C__GIT\CONSUMMER_Capture_FullPage_By_Selelium_C-\ConsummerScreenPageBot\Program.cs:line 190
[2025-10-30 22:04:43] [Handle Error] System.InvalidOperationException: session not created: Chrome instance exited. Examine ChromeDriver verbose log to determine the cause. (SessionNotCreated)
   at OpenQA.Selenium.WebDriver.UnpackAndThrowOnError(Response errorResponse, String commandToExecute)
   at OpenQA.Selenium.WebDriver.Execute(String driverCommandToExecute, Dictionary`2 parameters)
   at OpenQA.Selenium.WebDriver.StartSession(ICapabilities desiredCapabilities)
   at OpenQA.Selenium.WebDriver..ctor(ICommandExecutor executor, ICapabilities capabilities)
   at OpenQA.Selenium.Chromium.ChromiumDriver..ctor(ChromiumDriverService service, ChromiumOptions options, TimeSpan commandTimeout)
   at OpenQA.Selenium.Chrome.ChromeDriver..ctor(ChromeDriverService service, ChromeOptions options, TimeSpan commandTimeout)
   at ConsummerScreenPageBot.Program.Main(String[] args) in F:\PROJECT\CAPTURE_FULL_PAGE_C#_SELELIUM\CONSUM_SCREEN_PAGE_BY_SE_C__GIT\CONSUMMER_Capture_FullPage_By_Selelium_C-\ConsummerScreenPageBot\Program.cs:line 164
[2025-10-30 22:06:08] [Handle Error] RabbitMQ.Client.Exceptions.BrokerUnreachableException: None of the specified endpoints were reachable
 ---> System.AggregateException: One or more errors occurred. (Connection failed)
 ---> RabbitMQ.Client.Exceptions.ConnectFailureException: Connection failed
 ---> System.TimeoutException: The operation has timed out.
   at RabbitMQ.Client.Impl.TaskExtensions.TimeoutAfter(Task task, TimeSpan timeout)
   at RabbitMQ.Client.Impl.SocketFrameHandler.ConnectOrFail(ITcpClient socket, AmqpTcpEndpoint endpoint, TimeSpan timeout)
   --- End of inner exception stack trace ---
   at RabbitMQ.Client.Impl.SocketFrameHandler.ConnectOrFail(ITcpClient socket, AmqpTcpEndpoint endpoint, TimeSpan timeout)
   at RabbitMQ.Client.Impl.SocketFrameHandler.ConnectUsingAddressFamily(AmqpTcpEndpoint endpoint, Func`2 socketFactory, TimeSpan timeout, AddressFamily family)
   at RabbitMQ.Client.Impl.SocketFrameHandler.ConnectUsingIPv4(AmqpTcpEndpoint endpoint, Func`2 socketFactory, TimeSpan timeout)
   at RabbitMQ.Client.Impl.SocketFrameHandler..ctor(AmqpTcpEndpoint endpoint, Func`2 socketFactory, TimeSpan connectionTimeout, TimeSpan readTimeout, TimeSpan writeTimeout)
   at RabbitMQ.Client.Framing.Impl.IProtocolExtensions.CreateFrameHandler(IProtocol protocol, AmqpTcpEndpoint endpoint, ArrayPool`1 pool, Func`2 socketFactory, TimeSpan connectionTimeout, TimeSpan readTimeout, TimeSpan writeTimeout)
   at RabbitMQ.Client.ConnectionFactory.CreateFrameHandler(AmqpTcpEndpoint endpoint)
   at RabbitMQ.Client.EndpointResolverExtensions.SelectOne[T](IEndpointResolver resolver, Func`2 selector)
   --- End of inner exception stack trace ---
   at RabbitMQ.Client.EndpointResolverExtensions.SelectOne[T](IEndpointResolver resolver, Func`2 selector)
   at RabbitMQ.Client.Framing.Impl.AutorecoveringConnection.Init(IEndpointResolver endpoints)
   at RabbitMQ.Client.ConnectionFactory.CreateConnection(IEndpointResolver endpointResolver, String clientProvidedName)
   --- End of inner exception stack trace ---
   at RabbitMQ.Client.ConnectionFactory.CreateConnection(IEndpointResolver endpointResolver, String clientProvidedName)
   at RabbitMQ.Client.ConnectionFactory.CreateConnection(String clientProvidedName)
   at RabbitMQ.Client.ConnectionFactory.CreateConnection()
   at ConsummerScreenPageBot.Program.Main(String[] args) in F:\PROJECT\CAPTURE_FULL_PAGE_C#_SELELIUM\CONSUM_SCREEN_PAGE_BY_SE_C__GIT\CONSUMMER_Capture_FullPage_By_Selelium_C-\ConsummerScreenPageBot\Program.cs:line 204
[2025-10-30 22:18:11] [SegmentScreenshots] OpenQA.Selenium.NoSuchWindowException: no such window: target window already closed
from unknown error: web view not found
  (Session info: chrome=142.0.7444.60)
   at OpenQA.Selenium.WebDriver.UnpackAndThrowOnError(Response errorResponse, String commandToExecute)
   at OpenQA.Selenium.WebDriver.Execute(String driverCommandToExecute, Dictionary`2 parameters)
   at OpenQA.Selenium.WebDriver.GetScreenshot()
   at ConsummerScreenPageBot.Program.CaptureSegmentScreenshots(IWebDriver driver, String hostLabel, Int32 segmentCount) in F:\PROJECT\CAPTURE_FULL_PAGE_C#_SELELIUM\CONSUM_SCREEN_PAGE_BY_SE_C__GIT\CONSUMMER_Capture_FullPage_By_Selelium_C-\ConsummerScreenPageBot\Program.cs:line 551
[2025-10-30 22:20:13] [CaptureElement] OpenQA.Selenium.WebDriverException: invalid session id
   at OpenQA.Selenium.WebDriver.UnpackAndThrowOnError(Response errorResponse, String commandToExecute)
   at OpenQA.Selenium.WebDriver.Execute(String driverCommandToExecute, Dictionary`2 parameters)
   at OpenQA.Selenium.WebDriver.InternalExecute(String driverCommandToExecute, Dictionary`2 parameters)
   at OpenQA.Selenium.WebElement.Execute(String commandToExecute, Dictionary`2 parameters)
   at OpenQA.Selenium.WebElement.get_Size()
   at ConsummerScreenPageBot.AdCapture.CaptureBySelectors(IWebDriver driver, String[] selectors, String hostLabel, String startupPath, String logPath) in F:\PROJECT\CAPTURE_FULL_PAGE_C#_SELELIUM\CONSUM_SCREEN_PAGE_BY_SE_C__GIT\CONSUMMER_Capture_FullPage_By_Selelium_C-\ConsummerScreenPageBot\Utils\AdCapture.cs:line 63
[2025-10-30 22:20:14] [CaptureElement] OpenQA.Selenium.WebDriverException: invalid session id
   at OpenQA.Selenium.WebDriver.UnpackAndThrowOnError(Response errorResponse, String commandToExecute)
   at OpenQA.Selenium.WebDriver.Execute(String driverCommandToExecute, Dictionary`2 parameters)
   at OpenQA.Selenium.WebDriver.InternalExecute(String driverCommandToExecute, Dictionary`2 parameters)
   at OpenQA.Selenium.WebElement.Execute(String commandToExecute, Dictionary`2 parameters)
   at OpenQA.Selenium.WebElement.get_Size()
   at ConsummerScreenPageBot.AdCapture.CaptureBySelectors(IWebDriver driver, String[] selectors, String hostLabel, String startupPath, String logPath) in F:\PROJECT\CAPTURE_FULL_PAGE_C#_SELELIUM\CONSUM_SCREEN_PAGE_BY_SE_C__GIT\CONSUMMER_Capture_FullPage_By_Selelium_C-\ConsummerScreenPageBot\Utils\AdCapture.cs:line 63
[2025-10-30 22:20:14] [QuerySelector] OpenQA.Selenium.WebDriverException: invalid session id
   at OpenQA.Selenium.WebDriver.UnpackAndThrowOnError(Response errorResponse, String commandToExecute)
   at OpenQA.Selenium.WebDriver.Execute(String driverCommandToExecute, Dictionary`2 parameters)
   at OpenQA.Selenium.WebDriver.FindElements(String mechanism, String value)
   at OpenQA.Selenium.By.<.ctor>b__11_1(ISearchContext context)
   at OpenQA.Selenium.By.FindElements(ISearchContext context)
   at OpenQA.Selenium.WebDriver.FindElements(By by)
   at ConsummerScreenPageBot.AdCapture.CaptureBySelectors(IWebDriver driver, String[] selectors, String hostLabel, String startupPath, String logPath) in F:\PROJECT\CAPTURE_FULL_PAGE_C#_SELELIUM\CONSUM_SCREEN_PAGE_BY_SE_C__GIT\CONSUMMER_Capture_FullPage_By_Selelium_C-\ConsummerScreenPageBot\Utils\AdCapture.cs:line 37
[2025-10-30 22:20:14] [QuerySelector] OpenQA.Selenium.WebDriverException: invalid session id
   at OpenQA.Selenium.WebDriver.UnpackAndThrowOnError(Response errorResponse, String commandToExecute)
   at OpenQA.Selenium.WebDriver.Execute(String driverCommandToExecute, Dictionary`2 parameters)
   at OpenQA.Selenium.WebDriver.FindElements(String mechanism, String value)
   at OpenQA.Selenium.By.<.ctor>b__11_1(ISearchContext context)
   at OpenQA.Selenium.By.FindElements(ISearchContext context)
   at OpenQA.Selenium.WebDriver.FindElements(By by)
   at ConsummerScreenPageBot.AdCapture.CaptureBySelectors(IWebDriver driver, String[] selectors, String hostLabel, String startupPath, String logPath) in F:\PROJECT\CAPTURE_FULL_PAGE_C#_SELELIUM\CONSUM_SCREEN_PAGE_BY_SE_C__GIT\CONSUMMER_Capture_FullPage_By_Selelium_C-\ConsummerScreenPageBot\Utils\AdCapture.cs:line 37
[2025-10-30 22:20:14] [QuerySelector] OpenQA.Selenium.WebDriverException: invalid session id
   at OpenQA.Selenium.WebDriver.UnpackAndThrowOnError(Response errorResponse, String commandToExecute)
   at OpenQA.Selenium.WebDriver.Execute(String driverCommandToExecute, Dictionary`2 parameters)
   at OpenQA.Selenium.WebDriver.FindElements(String mechanism, String value)
   at OpenQA.Selenium.By.<.ctor>b__11_1(ISearchContext context)
   at OpenQA.Selenium.By.FindElements(ISearchContext context)
   at OpenQA.Selenium.WebDriver.FindElements(By by)
   at ConsummerScreenPageBot.AdCapture.CaptureBySelectors(IWebDriver driver, String[] selectors, String hostLabel, String startupPath, String logPath) in F:\PROJECT\CAPTURE_FULL_PAGE_C#_SELELIUM\CONSUM_SCREEN_PAGE_BY_SE_C__GIT\CONSUMMER_Capture_FullPage_By_Selelium_C-\ConsummerScreenPageBot\Utils\AdCapture.cs:line 37
[2025-10-30 22:20:14] [QuerySelector] OpenQA.Selenium.WebDriverException: invalid session id
   at OpenQA.Selenium.WebDriver.UnpackAndThrowOnError(Response errorResponse, String commandToExecute)
   at OpenQA.Selenium.WebDriver.Execute(String driverCommandToExecute, Dictionary`2 parameters)
   at OpenQA.Selenium.WebDriver.FindElements(String mechanism, String value)
   at OpenQA.Selenium.By.<.ctor>b__11_1(ISearchContext context)
   at OpenQA.Selenium.By.FindElements(ISearchContext context)
   at OpenQA.Selenium.WebDriver.FindElements(By by)
   at ConsummerScreenPageBot.AdCapture.CaptureBySelectors(IWebDriver driver, String[] selectors, String hostLabel, String startupPath, String logPath) in F:\PROJECT\CAPTURE_FULL_PAGE_C#_SELELIUM\CONSUM_SCREEN_PAGE_BY_SE_C__GIT\CONSUMMER_Capture_FullPage_By_Selelium_C-\ConsummerScreenPageBot\Utils\AdCapture.cs:line 37
[2025-10-30 22:20:14] [QuerySelector] OpenQA.Selenium.WebDriverException: invalid session id
   at OpenQA.Selenium.WebDriver.UnpackAndThrowOnError(Response errorResponse, String commandToExecute)
   at OpenQA.Selenium.WebDriver.Execute(String driverCommandToExecute, Dictionary`2 parameters)
   at OpenQA.Selenium.WebDriver.FindElements(String mechanism, String value)
   at OpenQA.Selenium.By.<.ctor>b__11_1(ISearchContext context)
   at OpenQA.Selenium.By.FindElements(ISearchContext context)
   at OpenQA.Selenium.WebDriver.FindElements(By by)
   at ConsummerScreenPageBot.AdCapture.CaptureBySelectors(IWebDriver driver, String[] selectors, String hostLabel, String startupPath, String logPath) in F:\PROJECT\CAPTURE_FULL_PAGE_C#_SELELIUM\CONSUM_SCREEN_PAGE_BY_SE_C__GIT\CONSUMMER_Capture_FullPage_By_Selelium_C-\ConsummerScreenPageBot\Utils\AdCapture.cs:line 37
[2025-10-30 22:20:14] [QuerySelector] OpenQA.Selenium.WebDriverException: invalid session id
   at OpenQA.Selenium.WebDriver.UnpackAndThrowOnError(Response errorResponse, String commandToExecute)
   at OpenQA.Selenium.WebDriver.Execute(String driverCommandToExecute, Dictionary`2 parameters)
   at OpenQA.Selenium.WebDriver.FindElements(String mechanism, String value)
   at OpenQA.Selenium.By.<.ctor>b__11_1(ISearchContext context)
   at OpenQA.Selenium.By.FindElements(ISearchContext context)
   at OpenQA.Selenium.WebDriver.FindElements(By by)
   at ConsummerScreenPageBot.AdCapture.CaptureBySelectors(IWebDriver driver, String[] selectors, String hostLabel, String startupPath, String logPath) in F:\PROJECT\CAPTURE_FULL_PAGE_C#_SELELIUM\CONSUM_SCREEN_PAGE_BY_SE_C__GIT\CONSUMMER_Capture_FullPage_By_Selelium_C-\ConsummerScreenPageBot\Utils\AdCapture.cs:line 37
[2025-10-30 22:20:14] [QuerySelector] OpenQA.Selenium.WebDriverException: invalid session id
   at OpenQA.Selenium.WebDriver.UnpackAndThrowOnError(Response errorResponse, String commandToExecute)
   at OpenQA.Selenium.WebDriver.Execute(String driverCommandToExecute, Dictionary`2 parameters)
   at OpenQA.Selenium.WebDriver.FindElements(String mechanism, String value)
   at OpenQA.Selenium.By.<.ctor>b__11_1(ISearchContext context)
   at OpenQA.Selenium.By.FindElements(ISearchContext context)
   at OpenQA.Selenium.WebDriver.FindElements(By by)
   at ConsummerScreenPageBot.AdCapture.CaptureBySelectors(IWebDriver driver, String[] selectors, String hostLabel, String startupPath, String logPath) in F:\PROJECT\CAPTURE_FULL_PAGE_C#_SELELIUM\CONSUM_SCREEN_PAGE_BY_SE_C__GIT\CONSUMMER_Capture_FullPage_By_Selelium_C-\ConsummerScreenPageBot\Utils\AdCapture.cs:line 37
[2025-10-30 22:20:14] [QuerySelector] OpenQA.Selenium.WebDriverException: invalid session id
   at OpenQA.Selenium.WebDriver.UnpackAndThrowOnError(Response errorResponse, String commandToExecute)
   at OpenQA.Selenium.WebDriver.Execute(String driverCommandToExecute, Dictionary`2 parameters)
   at OpenQA.Selenium.WebDriver.FindElements(String mechanism, String value)
   at OpenQA.Selenium.By.<.ctor>b__11_1(ISearchContext context)
   at OpenQA.Selenium.By.FindElements(ISearchContext context)
   at OpenQA.Selenium.WebDriver.FindElements(By by)
   at ConsummerScreenPageBot.AdCapture.CaptureBySelectors(IWebDriver driver, String[] selectors, String hostLabel, String startupPath, String logPath) in F:\PROJECT\CAPTURE_FULL_PAGE_C#_SELELIUM\CONSUM_SCREEN_PAGE_BY_SE_C__GIT\CONSUMMER_Capture_FullPage_By_Selelium_C-\ConsummerScreenPageBot\Utils\AdCapture.cs:line 37
[2025-10-30 22:20:14] [CaptureAdIframes.Root] OpenQA.Selenium.WebDriverException: invalid session id
   at OpenQA.Selenium.WebDriver.UnpackAndThrowOnError(Response errorResponse, String commandToExecute)
   at OpenQA.Selenium.WebDriver.Execute(String driverCommandToExecute, Dictionary`2 parameters)
   at OpenQA.Selenium.WebDriver.FindElements(String mechanism, String value)
   at OpenQA.Selenium.By.<.ctor>b__11_1(ISearchContext context)
   at OpenQA.Selenium.By.FindElements(ISearchContext context)
   at OpenQA.Selenium.WebDriver.FindElements(By by)
   at ConsummerScreenPageBot.AdCapture.CaptureAdIframes(IWebDriver driver, String hostLabel, String startupPath, String logPath) in F:\PROJECT\CAPTURE_FULL_PAGE_C#_SELELIUM\CONSUM_SCREEN_PAGE_BY_SE_C__GIT\CONSUMMER_Capture_FullPage_By_Selelium_C-\ConsummerScreenPageBot\Utils\AdCapture.cs:line 94
[2025-10-30 22:20:14] [SegmentScreenshots] OpenQA.Selenium.WebDriverException: invalid session id
   at OpenQA.Selenium.WebDriver.UnpackAndThrowOnError(Response errorResponse, String commandToExecute)
   at OpenQA.Selenium.WebDriver.Execute(String driverCommandToExecute, Dictionary`2 parameters)
   at OpenQA.Selenium.WebDriver.GetScreenshot()
   at ConsummerScreenPageBot.Program.CaptureSegmentScreenshots(IWebDriver driver, String hostLabel, Int32 segmentCount) in F:\PROJECT\CAPTURE_FULL_PAGE_C#_SELELIUM\CONSUM_SCREEN_PAGE_BY_SE_C__GIT\CONSUMMER_Capture_FullPage_By_Selelium_C-\ConsummerScreenPageBot\Program.cs:line 507
[2025-10-30 22:21:05] [ProcessWebsite]  => OpenQA.Selenium.WebDriverException: invalid session id
   at OpenQA.Selenium.WebDriver.UnpackAndThrowOnError(Response errorResponse, String commandToExecute)
   at OpenQA.Selenium.WebDriver.Execute(String driverCommandToExecute, Dictionary`2 parameters)
   at OpenQA.Selenium.WebDriver.get_Url()
   at ConsummerScreenPageBot.Program.TryNavigate(IWebDriver driver, String url, TimeSpan timeout, String& failureReason) in F:\PROJECT\CAPTURE_FULL_PAGE_C#_SELELIUM\CONSUM_SCREEN_PAGE_BY_SE_C__GIT\CONSUMMER_Capture_FullPage_By_Selelium_C-\ConsummerScreenPageBot\Program.cs:line 670
   at ConsummerScreenPageBot.Program.<>c__DisplayClass11_1.<Main>b__0(Object sender, BasicDeliverEventArgs ea) in F:\PROJECT\CAPTURE_FULL_PAGE_C#_SELELIUM\CONSUM_SCREEN_PAGE_BY_SE_C__GIT\CONSUMMER_Capture_FullPage_By_Selelium_C-\ConsummerScreenPageBot\Program.cs:line 224
[2025-10-30 22:21:56] [ProcessWebsite]  => OpenQA.Selenium.WebDriverException: invalid session id
   at OpenQA.Selenium.WebDriver.UnpackAndThrowOnError(Response errorResponse, String commandToExecute)
   at OpenQA.Selenium.WebDriver.Execute(String driverCommandToExecute, Dictionary`2 parameters)
   at OpenQA.Selenium.WebDriver.get_Url()
   at ConsummerScreenPageBot.Program.TryNavigate(IWebDriver driver, String url, TimeSpan timeout, String& failureReason) in F:\PROJECT\CAPTURE_FULL_PAGE_C#_SELELIUM\CONSUM_SCREEN_PAGE_BY_SE_C__GIT\CONSUMMER_Capture_FullPage_By_Selelium_C-\ConsummerScreenPageBot\Program.cs:line 670
   at ConsummerScreenPageBot.Program.<>c__DisplayClass11_1.<Main>b__0(Object sender, BasicDeliverEventArgs ea) in F:\PROJECT\CAPTURE_FULL_PAGE_C#_SELELIUM\CONSUM_SCREEN_PAGE_BY_SE_C__GIT\CONSUMMER_Capture_FullPage_By_Selelium_C-\ConsummerScreenPageBot\Program.cs:line 224
[2025-10-30 22:22:46] [ProcessWebsite] https://vnexpress.net/ => OpenQA.Selenium.WebDriverException: invalid session id
   at OpenQA.Selenium.WebDriver.UnpackAndThrowOnError(Response errorResponse, String commandToExecute)
   at OpenQA.Selenium.WebDriver.Execute(String driverCommandToExecute, Dictionary`2 parameters)
   at OpenQA.Selenium.WebDriver.get_Url()
   at ConsummerScreenPageBot.Program.TryNavigate(IWebDriver driver, String url, TimeSpan timeout, String& failureReason) in F:\PROJECT\CAPTURE_FULL_PAGE_C#_SELELIUM\CONSUM_SCREEN_PAGE_BY_SE_C__GIT\CONSUMMER_Capture_FullPage_By_Selelium_C-\ConsummerScreenPageBot\Program.cs:line 670
   at ConsummerScreenPageBot.Program.<>c__DisplayClass11_1.<Main>b__0(Object sender, BasicDeliverEventArgs ea) in F:\PROJECT\CAPTURE_FULL_PAGE_C#_SELELIUM\CONSUM_SCREEN_PAGE_BY_SE_C__GIT\CONSUMMER_Capture_FullPage_By_Selelium_C-\ConsummerScreenPageBot\Program.cs:line 224
[2025-10-30 22:23:50] [Handle Error] RabbitMQ.Client.Exceptions.BrokerUnreachableException: None of the specified endpoints were reachable
 ---> System.AggregateException: One or more errors occurred. (Connection failed)
 ---> RabbitMQ.Client.Exceptions.ConnectFailureException: Connection failed
 ---> System.Net.Sockets.SocketException (10060): A connection attempt failed because the connected party did not properly respond after a period of time, or established connection failed because connected host has failed to respond.
   at System.Net.Sockets.Socket.AwaitableSocketAsyncEventArgs.ThrowException(SocketError error, CancellationToken cancellationToken)
   at System.Net.Sockets.Socket.AwaitableSocketAsyncEventArgs.System.Threading.Tasks.Sources.IValueTaskSource.GetResult(Int16 token)
   at System.Threading.Tasks.ValueTask.ValueTaskSourceAsTask.<>c.<.cctor>b__4_0(Object state)
--- End of stack trace from previous location ---
   at RabbitMQ.Client.TcpClientAdapter.ConnectAsync(String host, Int32 port)
   at RabbitMQ.Client.Impl.TaskExtensions.TimeoutAfter(Task task, TimeSpan timeout)
   at RabbitMQ.Client.Impl.SocketFrameHandler.ConnectOrFail(ITcpClient socket, AmqpTcpEndpoint endpoint, TimeSpan timeout)
   --- End of inner exception stack trace ---
   at RabbitMQ.Client.Impl.SocketFrameHandler.ConnectOrFail(ITcpClient socket, AmqpTcpEndpoint endpoint, TimeSpan timeout)
   at RabbitMQ.Client.Impl.SocketFrameHandler.ConnectUsingAddressFamily(AmqpTcpEndpoint endpoint, Func`2 socketFactory, TimeSpan timeout, AddressFamily family)
   at RabbitMQ.Client.Impl.SocketFrameHandler.ConnectUsingIPv4(AmqpTcpEndpoint endpoint, Func`2 socketFactory, TimeSpan timeout)
   at RabbitMQ.Client.Impl.SocketFrameHandler..ctor(AmqpTcpEndpoint endpoint, Func`2 socketFactory, TimeSpan connectionTimeout, TimeSpan readTimeout, TimeSpan writeTimeout)
   at RabbitMQ.Client.Framing.Impl.IProtocolExtensions.CreateFrameHandler(IProtocol protocol, AmqpTcpEndpoint endpoint, ArrayPool`1 pool, Func`2 socketFactory, TimeSpan connectionTimeout, TimeSpan readTimeout, TimeSpan writeTimeout)
   at RabbitMQ.Client.ConnectionFactory.CreateFrameHandler(AmqpTcpEndpoint endpoint)
   at RabbitMQ.Client.EndpointResolverExtensions.SelectOne[T](IEndpointResolver resolver, Func`2 selector)
   --- End of inner exception stack trace ---
   at RabbitMQ.Client.EndpointResolverExtensions.SelectOne[T](IEndpointResolver resolver, Func`2 selector)
   at RabbitMQ.Client.Framing.Impl.AutorecoveringConnection.Init(IEndpointResolver endpoints)
   at RabbitMQ.Client.ConnectionFactory.CreateConnection(IEndpointResolver endpointResolver, String clientProvidedName)
   --- End of inner exception stack trace ---
   at RabbitMQ.Client.ConnectionFactory.CreateConnection(IEndpointResolver endpointResolver, String clientProvidedName)
   at RabbitMQ.Client.ConnectionFactory.CreateConnection(String clientProvidedName)
   at RabbitMQ.Client.ConnectionFactory.CreateConnection()
   at ConsummerScreenPageBot.Program.Main(String[] args) in F:\PROJECT\CAPTURE_FULL_PAGE_C#_SELELIUM\CONSUM_SCREEN_PAGE_BY_SE_C__GIT\CONSUMMER_Capture_FullPage_By_Selelium_C-\ConsummerScreenPageBot\Program.cs:line 190
[2025-10-30 22:28:15] [SegmentScreenshots] System.NullReferenceException: Object reference not set to an instance of an object.
   at OpenQA.Selenium.WebDriver.GetScreenshot()
   at ConsummerScreenPageBot.Program.CaptureSegmentScreenshots(IWebDriver driver, String hostLabel, Int32 segmentCount) in F:\PROJECT\CAPTURE_FULL_PAGE_C#_SELELIUM\CONSUM_SCREEN_PAGE_BY_SE_C__GIT\CONSUMMER_Capture_FullPage_By_Selelium_C-\ConsummerScreenPageBot\Program.cs:line 538
[2025-10-30 22:30:06] [SaveScreenshot] OpenQA.Selenium.WebDriverException: An unknown exception was encountered sending an HTTP request to the remote WebDriver server for URL http://localhost:62467/session/62b00c4b0e7cce4f4e70a1defa80e4ef/element/f.0D69F9468EC619AF6C0F02E324E10D1C.d.BF1B0B8633A16258974EE094F2B765E6.e.323/rect. The exception message was: An error occurred while sending the request.
 ---> System.Net.Http.HttpRequestException: An error occurred while sending the request.
 ---> System.IO.IOException: Unable to read data from the transport connection: An existing connection was forcibly closed by the remote host..
 ---> System.Net.Sockets.SocketException (10054): An existing connection was forcibly closed by the remote host.
   --- End of inner exception stack trace ---
   at System.Net.Sockets.Socket.AwaitableSocketAsyncEventArgs.ThrowException(SocketError error, CancellationToken cancellationToken)
   at System.Net.Sockets.Socket.AwaitableSocketAsyncEventArgs.System.Threading.Tasks.Sources.IValueTaskSource<System.Int32>.GetResult(Int16 token)
   at System.Net.Http.HttpConnection.SendAsync(HttpRequestMessage request, Boolean async, CancellationToken cancellationToken)
   --- End of inner exception stack trace ---
   at System.Net.Http.HttpConnection.SendAsync(HttpRequestMessage request, Boolean async, CancellationToken cancellationToken)
   at System.Net.Http.HttpConnectionPool.SendWithVersionDetectionAndRetryAsync(HttpRequestMessage request, Boolean async, Boolean doRequestAuth, CancellationToken cancellationToken)
   at System.Net.Http.RedirectHandler.SendAsync(HttpRequestMessage request, Boolean async, CancellationToken cancellationToken)
   at System.Net.Http.HttpClient.<SendAsync>g__Core|83_0(HttpRequestMessage request, HttpCompletionOption completionOption, CancellationTokenSource cts, Boolean disposeCts, CancellationTokenSource pendingRequestsCts, CancellationToken originalCancellationToken)
   at OpenQA.Selenium.Remote.HttpCommandExecutor.MakeHttpRequest(HttpRequestInfo requestInfo)
   at OpenQA.Selenium.Remote.HttpCommandExecutor.<>c__DisplayClass32_0.<<Execute>b__0>d.MoveNext()
--- End of stack trace from previous location ---
   at OpenQA.Selenium.Remote.HttpCommandExecutor.Execute(Command commandToExecute)
   --- End of inner exception stack trace ---
   at OpenQA.Selenium.Remote.HttpCommandExecutor.Execute(Command commandToExecute)
   at OpenQA.Selenium.Remote.DriverServiceCommandExecutor.Execute(Command commandToExecute)
   at OpenQA.Selenium.WebDriver.Execute(String driverCommandToExecute, Dictionary`2 parameters)
   at OpenQA.Selenium.WebDriver.InternalExecute(String driverCommandToExecute, Dictionary`2 parameters)
   at OpenQA.Selenium.WebElement.Execute(String commandToExecute, Dictionary`2 parameters)
   at OpenQA.Selenium.WebElement.get_Location()
   at ConsummerScreenPageBot.AdCapture.SaveElementScreenshot(IWebElement element, String hostLabel, String elementLabel, Int32 measuredWidth, Int32 measuredHeight, Int32 index, String startupPath, String logPath) in F:\PROJECT\CAPTURE_FULL_PAGE_C#_SELELIUM\CONSUM_SCREEN_PAGE_BY_SE_C__GIT\CONSUMMER_Capture_FullPage_By_Selelium_C-\ConsummerScreenPageBot\Utils\AdCapture.cs:line 154
[2025-10-30 22:30:19] [CaptureElement] OpenQA.Selenium.WebDriverException: An unknown exception was encountered sending an HTTP request to the remote WebDriver server for URL http://localhost:62467/session/62b00c4b0e7cce4f4e70a1defa80e4ef/element/f.0D69F9468EC619AF6C0F02E324E10D1C.d.BF1B0B8633A16258974EE094F2B765E6.e.324/rect. The exception message was: No connection could be made because the target machine actively refused it. (localhost:62467)
 ---> System.Net.Http.HttpRequestException: No connection could be made because the target machine actively refused it. (localhost:62467)
 ---> System.Net.Sockets.SocketException (10061): No connection could be made because the target machine actively refused it.
   at System.Net.Sockets.Socket.AwaitableSocketAsyncEventArgs.ThrowException(SocketError error, CancellationToken cancellationToken)
   at System.Net.Sockets.Socket.AwaitableSocketAsyncEventArgs.System.Threading.Tasks.Sources.IValueTaskSource.GetResult(Int16 token)
   at System.Net.Sockets.Socket.<ConnectAsync>g__WaitForConnectWithCancellation|285_0(AwaitableSocketAsyncEventArgs saea, ValueTask connectTask, CancellationToken cancellationToken)
   at System.Net.Http.HttpConnectionPool.ConnectToTcpHostAsync(String host, Int32 port, HttpRequestMessage initialRequest, Boolean async, CancellationToken cancellationToken)
   --- End of inner exception stack trace ---
   at System.Net.Http.HttpConnectionPool.ConnectToTcpHostAsync(String host, Int32 port, HttpRequestMessage initialRequest, Boolean async, CancellationToken cancellationToken)
   at System.Net.Http.HttpConnectionPool.ConnectAsync(HttpRequestMessage request, Boolean async, CancellationToken cancellationToken)
   at System.Net.Http.HttpConnectionPool.CreateHttp11ConnectionAsync(HttpRequestMessage request, Boolean async, CancellationToken cancellationToken)
   at System.Net.Http.HttpConnectionPool.AddHttp11ConnectionAsync(QueueItem queueItem)
   at System.Threading.Tasks.TaskCompletionSourceWithCancellation`1.WaitWithCancellationAsync(CancellationToken cancellationToken)
   at System.Net.Http.HttpConnectionPool.SendWithVersionDetectionAndRetryAsync(HttpRequestMessage request, Boolean async, Boolean doRequestAuth, CancellationToken cancellationToken)
   at System.Net.Http.RedirectHandler.SendAsync(HttpRequestMessage request, Boolean async, CancellationToken cancellationToken)
   at System.Net.Http.HttpClient.<SendAsync>g__Core|83_0(HttpRequestMessage request, HttpCompletionOption completionOption, CancellationTokenSource cts, Boolean disposeCts, CancellationTokenSource pendingRequestsCts, CancellationToken originalCancellationToken)
   at OpenQA.Selenium.Remote.HttpCommandExecutor.MakeHttpRequest(HttpRequestInfo requestInfo)
   at OpenQA.Selenium.Remote.HttpCommandExecutor.<>c__DisplayClass32_0.<<Execute>b__0>d.MoveNext()
--- End of stack trace from previous location ---
   at OpenQA.Selenium.Remote.HttpCommandExecutor.Execute(Command commandToExecute)
   --- End of inner exception stack trace ---
   at OpenQA.Selenium.Remote.HttpCommandExecutor.Execute(Command commandToExecute)
   at OpenQA.Selenium.Remote.DriverServiceCommandExecutor.Execute(Command commandToExecute)
   at OpenQA.Selenium.WebDriver.Execute(String driverCommandToExecute, Dictionary`2 parameters)
   at OpenQA.Selenium.WebElement.get_Size()
   at ConsummerScreenPageBot.AdCapture.CaptureBySelectors(IWebDriver driver, String[] selectors, String hostLabel, String startupPath, String logPath) in F:\PROJECT\CAPTURE_FULL_PAGE_C#_SELELIUM\CONSUM_SCREEN_PAGE_BY_SE_C__GIT\CONSUMMER_Capture_FullPage_By_Selelium_C-\ConsummerScreenPageBot\Utils\AdCapture.cs:line 63
[2025-10-30 22:30:39] [Handle Error] RabbitMQ.Client.Exceptions.BrokerUnreachableException: None of the specified endpoints were reachable
 ---> System.AggregateException: One or more errors occurred. (Connection failed)
 ---> RabbitMQ.Client.Exceptions.ConnectFailureException: Connection failed
 ---> System.Net.Sockets.SocketException (11001): No such host is known.
   at System.Net.NameResolutionPal.ProcessResult(SocketError errorCode, GetAddrInfoExContext* context)
   at System.Net.NameResolutionPal.GetAddressInfoExCallback(Int32 error, Int32 bytes, NativeOverlapped* overlapped)
--- End of stack trace from previous location ---
   at RabbitMQ.Client.TcpClientAdapter.ConnectAsync(String host, Int32 port)
   at RabbitMQ.Client.Impl.TaskExtensions.TimeoutAfter(Task task, TimeSpan timeout)
   at RabbitMQ.Client.Impl.SocketFrameHandler.ConnectOrFail(ITcpClient socket, AmqpTcpEndpoint endpoint, TimeSpan timeout)
   --- End of inner exception stack trace ---
   at RabbitMQ.Client.Impl.SocketFrameHandler.ConnectOrFail(ITcpClient socket, AmqpTcpEndpoint endpoint, TimeSpan timeout)
   at RabbitMQ.Client.Impl.SocketFrameHandler.ConnectUsingAddressFamily(AmqpTcpEndpoint endpoint, Func`2 socketFactory, TimeSpan timeout, AddressFamily family)
   at RabbitMQ.Client.Impl.SocketFrameHandler.ConnectUsingIPv4(AmqpTcpEndpoint endpoint, Func`2 socketFactory, TimeSpan timeout)
   at RabbitMQ.Client.Impl.SocketFrameHandler..ctor(AmqpTcpEndpoint endpoint, Func`2 socketFactory, TimeSpan connectionTimeout, TimeSpan readTimeout, TimeSpan writeTimeout)
   at RabbitMQ.Client.Framing.Impl.IProtocolExtensions.CreateFrameHandler(IProtocol protocol, AmqpTcpEndpoint endpoint, ArrayPool`1 pool, Func`2 socketFactory, TimeSpan connectionTimeout, TimeSpan readTimeout, TimeSpan writeTimeout)
   at RabbitMQ.Client.ConnectionFactory.CreateFrameHandler(AmqpTcpEndpoint endpoint)
   at RabbitMQ.Client.EndpointResolverExtensions.SelectOne[T](IEndpointResolver resolver, Func`2 selector)
   --- End of inner exception stack trace ---
   at RabbitMQ.Client.EndpointResolverExtensions.SelectOne[T](IEndpointResolver resolver, Func`2 selector)
   at RabbitMQ.Client.Framing.Impl.AutorecoveringConnection.Init(IEndpointResolver endpoints)
   at RabbitMQ.Client.ConnectionFactory.CreateConnection(IEndpointResolver endpointResolver, String clientProvidedName)
   --- End of inner exception stack trace ---
   at RabbitMQ.Client.ConnectionFactory.CreateConnection(IEndpointResolver endpointResolver, String clientProvidedName)
   at RabbitMQ.Client.ConnectionFactory.CreateConnection(String clientProvidedName)
   at RabbitMQ.Client.ConnectionFactory.CreateConnection()
   at ConsummerScreenPageBot.Program.Main(String[] args) in F:\PROJECT\CAPTURE_FULL_PAGE_C#_SELELIUM\CONSUM_SCREEN_PAGE_BY_SE_C__GIT\CONSUMMER_Capture_FullPage_By_Selelium_C-\ConsummerScreenPageBot\Program.cs:line 218
[2025-10-30 22:31:13] [Handle Error] RabbitMQ.Client.Exceptions.BrokerUnreachableException: None of the specified endpoints were reachable
 ---> System.AggregateException: One or more errors occurred. (Connection failed)
 ---> RabbitMQ.Client.Exceptions.ConnectFailureException: Connection failed
 ---> System.Net.Sockets.SocketException (11001): No such host is known.
   at System.Net.NameResolutionPal.ProcessResult(SocketError errorCode, GetAddrInfoExContext* context)
   at System.Net.NameResolutionPal.GetAddressInfoExCallback(Int32 error, Int32 bytes, NativeOverlapped* overlapped)
--- End of stack trace from previous location ---
   at RabbitMQ.Client.TcpClientAdapter.ConnectAsync(String host, Int32 port)
   at RabbitMQ.Client.Impl.TaskExtensions.TimeoutAfter(Task task, TimeSpan timeout)
   at RabbitMQ.Client.Impl.SocketFrameHandler.ConnectOrFail(ITcpClient socket, AmqpTcpEndpoint endpoint, TimeSpan timeout)
   --- End of inner exception stack trace ---
   at RabbitMQ.Client.Impl.SocketFrameHandler.ConnectOrFail(ITcpClient socket, AmqpTcpEndpoint endpoint, TimeSpan timeout)
   at RabbitMQ.Client.Impl.SocketFrameHandler.ConnectUsingAddressFamily(AmqpTcpEndpoint endpoint, Func`2 socketFactory, TimeSpan timeout, AddressFamily family)
   at RabbitMQ.Client.Impl.SocketFrameHandler.ConnectUsingIPv4(AmqpTcpEndpoint endpoint, Func`2 socketFactory, TimeSpan timeout)
   at RabbitMQ.Client.Impl.SocketFrameHandler..ctor(AmqpTcpEndpoint endpoint, Func`2 socketFactory, TimeSpan connectionTimeout, TimeSpan readTimeout, TimeSpan writeTimeout)
   at RabbitMQ.Client.Framing.Impl.IProtocolExtensions.CreateFrameHandler(IProtocol protocol, AmqpTcpEndpoint endpoint, ArrayPool`1 pool, Func`2 socketFactory, TimeSpan connectionTimeout, TimeSpan readTimeout, TimeSpan writeTimeout)
   at RabbitMQ.Client.ConnectionFactory.CreateFrameHandler(AmqpTcpEndpoint endpoint)
   at RabbitMQ.Client.EndpointResolverExtensions.SelectOne[T](IEndpointResolver resolver, Func`2 selector)
   --- End of inner exception stack trace ---
   at RabbitMQ.Client.EndpointResolverExtensions.SelectOne[T](IEndpointResolver resolver, Func`2 selector)
   at RabbitMQ.Client.Framing.Impl.AutorecoveringConnection.Init(IEndpointResolver endpoints)
   at RabbitMQ.Client.ConnectionFactory.CreateConnection(IEndpointResolver endpointResolver, String clientProvidedName)
   --- End of inner exception stack trace ---
   at RabbitMQ.Client.ConnectionFactory.CreateConnection(IEndpointResolver endpointResolver, String clientProvidedName)
   at RabbitMQ.Client.ConnectionFactory.CreateConnection(String clientProvidedName)
   at RabbitMQ.Client.ConnectionFactory.CreateConnection()
   at ConsummerScreenPageBot.Program.Main(String[] args) in F:\PROJECT\CAPTURE_FULL_PAGE_C#_SELELIUM\CONSUM_SCREEN_PAGE_BY_SE_C__GIT\CONSUMMER_Capture_FullPage_By_Selelium_C-\ConsummerScreenPageBot\Program.cs:line 218
[2025-10-30 22:33:05] [SegmentScreenshots] OpenQA.Selenium.WebDriverException: invalid session id: session deleted as the browser has closed the connection
from disconnected: not connected to DevTools
  (Session info: chrome=142.0.7444.60)
   at OpenQA.Selenium.WebDriver.UnpackAndThrowOnError(Response errorResponse, String commandToExecute)
   at OpenQA.Selenium.WebDriver.Execute(String driverCommandToExecute, Dictionary`2 parameters)
   at OpenQA.Selenium.WebDriver.GetScreenshot()
   at ConsummerScreenPageBot.Program.CaptureSegmentScreenshots(IWebDriver driver, String hostLabel, Int32 segmentCount) in F:\PROJECT\CAPTURE_FULL_PAGE_C#_SELELIUM\CONSUM_SCREEN_PAGE_BY_SE_C__GIT\CONSUMMER_Capture_FullPage_By_Selelium_C-\ConsummerScreenPageBot\Program.cs:line 538
[2025-10-30 22:33:55] [ProcessWebsite] https://tuoitre.vn/ => OpenQA.Selenium.WebDriverException: invalid session id
   at OpenQA.Selenium.WebDriver.UnpackAndThrowOnError(Response errorResponse, String commandToExecute)
   at OpenQA.Selenium.WebDriver.Execute(String driverCommandToExecute, Dictionary`2 parameters)
   at OpenQA.Selenium.WebDriver.get_Url()
   at ConsummerScreenPageBot.Program.TryNavigate(IWebDriver driver, String url, TimeSpan timeout, String& failureReason) in F:\PROJECT\CAPTURE_FULL_PAGE_C#_SELELIUM\CONSUM_SCREEN_PAGE_BY_SE_C__GIT\CONSUMMER_Capture_FullPage_By_Selelium_C-\ConsummerScreenPageBot\Program.cs:line 701
   at ConsummerScreenPageBot.Program.<>c__DisplayClass11_1.<Main>b__0(Object sender, BasicDeliverEventArgs ea) in F:\PROJECT\CAPTURE_FULL_PAGE_C#_SELELIUM\CONSUM_SCREEN_PAGE_BY_SE_C__GIT\CONSUMMER_Capture_FullPage_By_Selelium_C-\ConsummerScreenPageBot\Program.cs:line 251
[2025-10-30 22:34:46] [ProcessWebsite] https://vnexpress.net/ => OpenQA.Selenium.WebDriverException: invalid session id
   at OpenQA.Selenium.WebDriver.UnpackAndThrowOnError(Response errorResponse, String commandToExecute)
   at OpenQA.Selenium.WebDriver.Execute(String driverCommandToExecute, Dictionary`2 parameters)
   at OpenQA.Selenium.WebDriver.get_Url()
   at ConsummerScreenPageBot.Program.TryNavigate(IWebDriver driver, String url, TimeSpan timeout, String& failureReason) in F:\PROJECT\CAPTURE_FULL_PAGE_C#_SELELIUM\CONSUM_SCREEN_PAGE_BY_SE_C__GIT\CONSUMMER_Capture_FullPage_By_Selelium_C-\ConsummerScreenPageBot\Program.cs:line 701
   at ConsummerScreenPageBot.Program.<>c__DisplayClass11_1.<Main>b__0(Object sender, BasicDeliverEventArgs ea) in F:\PROJECT\CAPTURE_FULL_PAGE_C#_SELELIUM\CONSUM_SCREEN_PAGE_BY_SE_C__GIT\CONSUMMER_Capture_FullPage_By_Selelium_C-\ConsummerScreenPageBot\Program.cs:line 251
[2025-10-30 22:35:37] [ProcessWebsite] https://vnexpress.net/ => OpenQA.Selenium.WebDriverException: invalid session id
   at OpenQA.Selenium.WebDriver.UnpackAndThrowOnError(Response errorResponse, String commandToExecute)
   at OpenQA.Selenium.WebDriver.Execute(String driverCommandToExecute, Dictionary`2 parameters)
   at OpenQA.Selenium.WebDriver.get_Url()
   at ConsummerScreenPageBot.Program.TryNavigate(IWebDriver driver, String url, TimeSpan timeout, String& failureReason) in F:\PROJECT\CAPTURE_FULL_PAGE_C#_SELELIUM\CONSUM_SCREEN_PAGE_BY_SE_C__GIT\CONSUMMER_Capture_FullPage_By_Selelium_C-\ConsummerScreenPageBot\Program.cs:line 701
   at ConsummerScreenPageBot.Program.<>c__DisplayClass11_1.<Main>b__0(Object sender, BasicDeliverEventArgs ea) in F:\PROJECT\CAPTURE_FULL_PAGE_C#_SELELIUM\CONSUM_SCREEN_PAGE_BY_SE_C__GIT\CONSUMMER_Capture_FullPage_By_Selelium_C-\ConsummerScreenPageBot\Program.cs:line 251
[2025-10-30 22:36:27] [ProcessWebsite] https://thanhnien.vn/ => OpenQA.Selenium.WebDriverException: invalid session id
   at OpenQA.Selenium.WebDriver.UnpackAndThrowOnError(Response errorResponse, String commandToExecute)
   at OpenQA.Selenium.WebDriver.Execute(String driverCommandToExecute, Dictionary`2 parameters)
   at OpenQA.Selenium.WebDriver.get_Url()
   at ConsummerScreenPageBot.Program.TryNavigate(IWebDriver driver, String url, TimeSpan timeout, String& failureReason) in F:\PROJECT\CAPTURE_FULL_PAGE_C#_SELELIUM\CONSUM_SCREEN_PAGE_BY_SE_C__GIT\CONSUMMER_Capture_FullPage_By_Selelium_C-\ConsummerScreenPageBot\Program.cs:line 701
   at ConsummerScreenPageBot.Program.<>c__DisplayClass11_1.<Main>b__0(Object sender, BasicDeliverEventArgs ea) in F:\PROJECT\CAPTURE_FULL_PAGE_C#_SELELIUM\CONSUM_SCREEN_PAGE_BY_SE_C__GIT\CONSUMMER_Capture_FullPage_By_Selelium_C-\ConsummerScreenPageBot\Program.cs:line 251
[2025-10-30 22:37:17] [ProcessWebsite] https://tuoitre.vn/ => OpenQA.Selenium.WebDriverException: invalid session id
   at OpenQA.Selenium.WebDriver.UnpackAndThrowOnError(Response errorResponse, String commandToExecute)
   at OpenQA.Selenium.WebDriver.Execute(String driverCommandToExecute, Dictionary`2 parameters)
   at OpenQA.Selenium.WebDriver.get_Url()
   at ConsummerScreenPageBot.Program.TryNavigate(IWebDriver driver, String url, TimeSpan timeout, String& failureReason) in F:\PROJECT\CAPTURE_FULL_PAGE_C#_SELELIUM\CONSUM_SCREEN_PAGE_BY_SE_C__GIT\CONSUMMER_Capture_FullPage_By_Selelium_C-\ConsummerScreenPageBot\Program.cs:line 701
   at ConsummerScreenPageBot.Program.<>c__DisplayClass11_1.<Main>b__0(Object sender, BasicDeliverEventArgs ea) in F:\PROJECT\CAPTURE_FULL_PAGE_C#_SELELIUM\CONSUM_SCREEN_PAGE_BY_SE_C__GIT\CONSUMMER_Capture_FullPage_By_Selelium_C-\ConsummerScreenPageBot\Program.cs:line 251
[2025-10-30 22:46:07] [Handle Error] RabbitMQ.Client.Exceptions.BrokerUnreachableException: None of the specified endpoints were reachable
 ---> System.AggregateException: One or more errors occurred. (Connection failed)
 ---> RabbitMQ.Client.Exceptions.ConnectFailureException: Connection failed
 ---> System.Net.Sockets.SocketException (10060): A connection attempt failed because the connected party did not properly respond after a period of time, or established connection failed because connected host has failed to respond.
   at System.Net.Sockets.Socket.AwaitableSocketAsyncEventArgs.ThrowException(SocketError error, CancellationToken cancellationToken)
   at System.Net.Sockets.Socket.AwaitableSocketAsyncEventArgs.System.Threading.Tasks.Sources.IValueTaskSource.GetResult(Int16 token)
   at System.Threading.Tasks.ValueTask.ValueTaskSourceAsTask.<>c.<.cctor>b__4_0(Object state)
--- End of stack trace from previous location ---
   at RabbitMQ.Client.TcpClientAdapter.ConnectAsync(String host, Int32 port)
   at RabbitMQ.Client.Impl.TaskExtensions.TimeoutAfter(Task task, TimeSpan timeout)
   at RabbitMQ.Client.Impl.SocketFrameHandler.ConnectOrFail(ITcpClient socket, AmqpTcpEndpoint endpoint, TimeSpan timeout)
   --- End of inner exception stack trace ---
   at RabbitMQ.Client.Impl.SocketFrameHandler.ConnectOrFail(ITcpClient socket, AmqpTcpEndpoint endpoint, TimeSpan timeout)
   at RabbitMQ.Client.Impl.SocketFrameHandler.ConnectUsingAddressFamily(AmqpTcpEndpoint endpoint, Func`2 socketFactory, TimeSpan timeout, AddressFamily family)
   at RabbitMQ.Client.Impl.SocketFrameHandler.ConnectUsingIPv4(AmqpTcpEndpoint endpoint, Func`2 socketFactory, TimeSpan timeout)
   at RabbitMQ.Client.Impl.SocketFrameHandler..ctor(AmqpTcpEndpoint endpoint, Func`2 socketFactory, TimeSpan connectionTimeout, TimeSpan readTimeout, TimeSpan writeTimeout)
   at RabbitMQ.Client.Framing.Impl.IProtocolExtensions.CreateFrameHandler(IProtocol protocol, AmqpTcpEndpoint endpoint, ArrayPool`1 pool, Func`2 socketFactory, TimeSpan connectionTimeout, TimeSpan readTimeout, TimeSpan writeTimeout)
   at RabbitMQ.Client.ConnectionFactory.CreateFrameHandler(AmqpTcpEndpoint endpoint)
   at RabbitMQ.Client.EndpointResolverExtensions.SelectOne[T](IEndpointResolver resolver, Func`2 selector)
   --- End of inner exception stack trace ---
   at RabbitMQ.Client.EndpointResolverExtensions.SelectOne[T](IEndpointResolver resolver, Func`2 selector)
   at RabbitMQ.Client.Framing.Impl.AutorecoveringConnection.Init(IEndpointResolver endpoints)
   at RabbitMQ.Client.ConnectionFactory.CreateConnection(IEndpointResolver endpointResolver, String clientProvidedName)
   --- End of inner exception stack trace ---
   at RabbitMQ.Client.ConnectionFactory.CreateConnection(IEndpointResolver endpointResolver, String clientProvidedName)
   at RabbitMQ.Client.ConnectionFactory.CreateConnection(String clientProvidedName)
   at RabbitMQ.Client.ConnectionFactory.CreateConnection()
   at ConsummerScreenPageBot.Program.Main(String[] args) in F:\PROJECT\CAPTURE_FULL_PAGE_C#_SELELIUM\CONSUM_SCREEN_PAGE_BY_SE_C__GIT\CONSUMMER_Capture_FullPage_By_Selelium_C-\ConsummerScreenPageBot\Program.cs:line 218
[2025-10-30 23:02:25] [QuerySelector] OpenQA.Selenium.NoSuchWindowException: no such window: target window already closed
from unknown error: web view not found
  (Session info: chrome=142.0.7444.60)
   at OpenQA.Selenium.WebDriver.UnpackAndThrowOnError(Response errorResponse, String commandToExecute)
   at OpenQA.Selenium.WebDriver.Execute(String driverCommandToExecute, Dictionary`2 parameters)
   at OpenQA.Selenium.WebDriver.FindElements(String mechanism, String value)
   at OpenQA.Selenium.By.<.ctor>b__11_1(ISearchContext context)
   at OpenQA.Selenium.By.FindElements(ISearchContext context)
   at OpenQA.Selenium.WebDriver.FindElements(By by)
   at ConsummerScreenPageBot.AdCapture.CaptureBySelectors(IWebDriver driver, String[] selectors, String hostLabel, String startupPath, String logPath) in F:\PROJECT\CAPTURE_FULL_PAGE_C#_SELELIUM\CONSUM_SCREEN_PAGE_BY_SE_C__GIT\CONSUMMER_Capture_FullPage_By_Selelium_C-\ConsummerScreenPageBot\Utils\AdCapture.cs:line 37
[2025-10-30 23:02:25] [QuerySelector] OpenQA.Selenium.NoSuchWindowException: no such window: target window already closed
from unknown error: web view not found
  (Session info: chrome=142.0.7444.60)
   at OpenQA.Selenium.WebDriver.UnpackAndThrowOnError(Response errorResponse, String commandToExecute)
   at OpenQA.Selenium.WebDriver.Execute(String driverCommandToExecute, Dictionary`2 parameters)
   at OpenQA.Selenium.WebDriver.FindElements(String mechanism, String value)
   at OpenQA.Selenium.By.<.ctor>b__11_1(ISearchContext context)
   at OpenQA.Selenium.By.FindElements(ISearchContext context)
   at OpenQA.Selenium.WebDriver.FindElements(By by)
   at ConsummerScreenPageBot.AdCapture.CaptureBySelectors(IWebDriver driver, String[] selectors, String hostLabel, String startupPath, String logPath) in F:\PROJECT\CAPTURE_FULL_PAGE_C#_SELELIUM\CONSUM_SCREEN_PAGE_BY_SE_C__GIT\CONSUMMER_Capture_FullPage_By_Selelium_C-\ConsummerScreenPageBot\Utils\AdCapture.cs:line 37
[2025-10-30 23:02:25] [QuerySelector] OpenQA.Selenium.NoSuchWindowException: no such window: target window already closed
from unknown error: web view not found
  (Session info: chrome=142.0.7444.60)
   at OpenQA.Selenium.WebDriver.UnpackAndThrowOnError(Response errorResponse, String commandToExecute)
   at OpenQA.Selenium.WebDriver.Execute(String driverCommandToExecute, Dictionary`2 parameters)
   at OpenQA.Selenium.WebDriver.FindElements(String mechanism, String value)
   at OpenQA.Selenium.By.<.ctor>b__11_1(ISearchContext context)
   at OpenQA.Selenium.By.FindElements(ISearchContext context)
   at OpenQA.Selenium.WebDriver.FindElements(By by)
   at ConsummerScreenPageBot.AdCapture.CaptureBySelectors(IWebDriver driver, String[] selectors, String hostLabel, String startupPath, String logPath) in F:\PROJECT\CAPTURE_FULL_PAGE_C#_SELELIUM\CONSUM_SCREEN_PAGE_BY_SE_C__GIT\CONSUMMER_Capture_FullPage_By_Selelium_C-\ConsummerScreenPageBot\Utils\AdCapture.cs:line 37
[2025-10-30 23:02:25] [QuerySelector] OpenQA.Selenium.NoSuchWindowException: no such window: target window already closed
from unknown error: web view not found
  (Session info: chrome=142.0.7444.60)
   at OpenQA.Selenium.WebDriver.UnpackAndThrowOnError(Response errorResponse, String commandToExecute)
   at OpenQA.Selenium.WebDriver.Execute(String driverCommandToExecute, Dictionary`2 parameters)
   at OpenQA.Selenium.WebDriver.FindElements(String mechanism, String value)
   at OpenQA.Selenium.By.<.ctor>b__11_1(ISearchContext context)
   at OpenQA.Selenium.By.FindElements(ISearchContext context)
   at OpenQA.Selenium.WebDriver.FindElements(By by)
   at ConsummerScreenPageBot.AdCapture.CaptureBySelectors(IWebDriver driver, String[] selectors, String hostLabel, String startupPath, String logPath) in F:\PROJECT\CAPTURE_FULL_PAGE_C#_SELELIUM\CONSUM_SCREEN_PAGE_BY_SE_C__GIT\CONSUMMER_Capture_FullPage_By_Selelium_C-\ConsummerScreenPageBot\Utils\AdCapture.cs:line 37
[2025-10-30 23:02:25] [QuerySelector] OpenQA.Selenium.NoSuchWindowException: no such window: target window already closed
from unknown error: web view not found
  (Session info: chrome=142.0.7444.60)
   at OpenQA.Selenium.WebDriver.UnpackAndThrowOnError(Response errorResponse, String commandToExecute)
   at OpenQA.Selenium.WebDriver.Execute(String driverCommandToExecute, Dictionary`2 parameters)
   at OpenQA.Selenium.WebDriver.FindElements(String mechanism, String value)
   at OpenQA.Selenium.By.<.ctor>b__11_1(ISearchContext context)
   at OpenQA.Selenium.By.FindElements(ISearchContext context)
   at OpenQA.Selenium.WebDriver.FindElements(By by)
   at ConsummerScreenPageBot.AdCapture.CaptureBySelectors(IWebDriver driver, String[] selectors, String hostLabel, String startupPath, String logPath) in F:\PROJECT\CAPTURE_FULL_PAGE_C#_SELELIUM\CONSUM_SCREEN_PAGE_BY_SE_C__GIT\CONSUMMER_Capture_FullPage_By_Selelium_C-\ConsummerScreenPageBot\Utils\AdCapture.cs:line 37
[2025-10-30 23:02:25] [QuerySelector] OpenQA.Selenium.NoSuchWindowException: no such window: target window already closed
from unknown error: web view not found
  (Session info: chrome=142.0.7444.60)
   at OpenQA.Selenium.WebDriver.UnpackAndThrowOnError(Response errorResponse, String commandToExecute)
   at OpenQA.Selenium.WebDriver.Execute(String driverCommandToExecute, Dictionary`2 parameters)
   at OpenQA.Selenium.WebDriver.FindElements(String mechanism, String value)
   at OpenQA.Selenium.By.<.ctor>b__11_1(ISearchContext context)
   at OpenQA.Selenium.By.FindElements(ISearchContext context)
   at OpenQA.Selenium.WebDriver.FindElements(By by)
   at ConsummerScreenPageBot.AdCapture.CaptureBySelectors(IWebDriver driver, String[] selectors, String hostLabel, String startupPath, String logPath) in F:\PROJECT\CAPTURE_FULL_PAGE_C#_SELELIUM\CONSUM_SCREEN_PAGE_BY_SE_C__GIT\CONSUMMER_Capture_FullPage_By_Selelium_C-\ConsummerScreenPageBot\Utils\AdCapture.cs:line 37
[2025-10-30 23:02:25] [QuerySelector] OpenQA.Selenium.NoSuchWindowException: no such window: target window already closed
from unknown error: web view not found
  (Session info: chrome=142.0.7444.60)
   at OpenQA.Selenium.WebDriver.UnpackAndThrowOnError(Response errorResponse, String commandToExecute)
   at OpenQA.Selenium.WebDriver.Execute(String driverCommandToExecute, Dictionary`2 parameters)
   at OpenQA.Selenium.WebDriver.FindElements(String mechanism, String value)
   at OpenQA.Selenium.By.<.ctor>b__11_1(ISearchContext context)
   at OpenQA.Selenium.By.FindElements(ISearchContext context)
   at OpenQA.Selenium.WebDriver.FindElements(By by)
   at ConsummerScreenPageBot.AdCapture.CaptureBySelectors(IWebDriver driver, String[] selectors, String hostLabel, String startupPath, String logPath) in F:\PROJECT\CAPTURE_FULL_PAGE_C#_SELELIUM\CONSUM_SCREEN_PAGE_BY_SE_C__GIT\CONSUMMER_Capture_FullPage_By_Selelium_C-\ConsummerScreenPageBot\Utils\AdCapture.cs:line 37
[2025-10-30 23:02:25] [QuerySelector] OpenQA.Selenium.NoSuchWindowException: no such window: target window already closed
from unknown error: web view not found
  (Session info: chrome=142.0.7444.60)
   at OpenQA.Selenium.WebDriver.UnpackAndThrowOnError(Response errorResponse, String commandToExecute)
   at OpenQA.Selenium.WebDriver.Execute(String driverCommandToExecute, Dictionary`2 parameters)
   at OpenQA.Selenium.WebDriver.FindElements(String mechanism, String value)
   at OpenQA.Selenium.By.<.ctor>b__11_1(ISearchContext context)
   at OpenQA.Selenium.By.FindElements(ISearchContext context)
   at OpenQA.Selenium.WebDriver.FindElements(By by)
   at ConsummerScreenPageBot.AdCapture.CaptureBySelectors(IWebDriver driver, String[] selectors, String hostLabel, String startupPath, String logPath) in F:\PROJECT\CAPTURE_FULL_PAGE_C#_SELELIUM\CONSUM_SCREEN_PAGE_BY_SE_C__GIT\CONSUMMER_Capture_FullPage_By_Selelium_C-\ConsummerScreenPageBot\Utils\AdCapture.cs:line 37
[2025-10-30 23:02:25] [QuerySelector] OpenQA.Selenium.NoSuchWindowException: no such window: target window already closed
from unknown error: web view not found
  (Session info: chrome=142.0.7444.60)
   at OpenQA.Selenium.WebDriver.UnpackAndThrowOnError(Response errorResponse, String commandToExecute)
   at OpenQA.Selenium.WebDriver.Execute(String driverCommandToExecute, Dictionary`2 parameters)
   at OpenQA.Selenium.WebDriver.FindElements(String mechanism, String value)
   at OpenQA.Selenium.By.<.ctor>b__11_1(ISearchContext context)
   at OpenQA.Selenium.By.FindElements(ISearchContext context)
   at OpenQA.Selenium.WebDriver.FindElements(By by)
   at ConsummerScreenPageBot.AdCapture.CaptureBySelectors(IWebDriver driver, String[] selectors, String hostLabel, String startupPath, String logPath) in F:\PROJECT\CAPTURE_FULL_PAGE_C#_SELELIUM\CONSUM_SCREEN_PAGE_BY_SE_C__GIT\CONSUMMER_Capture_FullPage_By_Selelium_C-\ConsummerScreenPageBot\Utils\AdCapture.cs:line 37
[2025-10-30 23:02:25] [CaptureAdIframes.Root] OpenQA.Selenium.NoSuchWindowException: no such window: target window already closed
from unknown error: web view not found
  (Session info: chrome=142.0.7444.60)
   at OpenQA.Selenium.WebDriver.UnpackAndThrowOnError(Response errorResponse, String commandToExecute)
   at OpenQA.Selenium.WebDriver.Execute(String driverCommandToExecute, Dictionary`2 parameters)
   at OpenQA.Selenium.WebDriver.FindElements(String mechanism, String value)
   at OpenQA.Selenium.By.<.ctor>b__11_1(ISearchContext context)
   at OpenQA.Selenium.By.FindElements(ISearchContext context)
   at OpenQA.Selenium.WebDriver.FindElements(By by)
   at ConsummerScreenPageBot.AdCapture.CaptureAdIframes(IWebDriver driver, String hostLabel, String startupPath, String logPath) in F:\PROJECT\CAPTURE_FULL_PAGE_C#_SELELIUM\CONSUM_SCREEN_PAGE_BY_SE_C__GIT\CONSUMMER_Capture_FullPage_By_Selelium_C-\ConsummerScreenPageBot\Utils\AdCapture.cs:line 94
[2025-10-30 23:02:26] [SegmentScreenshots] OpenQA.Selenium.NoSuchWindowException: no such window: target window already closed
from unknown error: web view not found
  (Session info: chrome=142.0.7444.60)
   at OpenQA.Selenium.WebDriver.UnpackAndThrowOnError(Response errorResponse, String commandToExecute)
   at OpenQA.Selenium.WebDriver.Execute(String driverCommandToExecute, Dictionary`2 parameters)
   at OpenQA.Selenium.WebDriver.GetScreenshot()
   at ConsummerScreenPageBot.Program.CaptureSegmentScreenshots(IWebDriver driver, String hostLabel, Int32 segmentCount) in F:\PROJECT\CAPTURE_FULL_PAGE_C#_SELELIUM\CONSUM_SCREEN_PAGE_BY_SE_C__GIT\CONSUMMER_Capture_FullPage_By_Selelium_C-\ConsummerScreenPageBot\Program.cs:line 596
[2025-10-30 23:03:37] [CaptureElement] OpenQA.Selenium.StaleElementReferenceException: stale element reference: stale element not found in the current frame
  (Session info: chrome=142.0.7444.60); For documentation on this error, please visit: https://www.selenium.dev/documentation/webdriver/troubleshooting/errors#stale-element-reference-exception
   at OpenQA.Selenium.WebDriver.UnpackAndThrowOnError(Response errorResponse, String commandToExecute)
   at OpenQA.Selenium.WebDriver.Execute(String driverCommandToExecute, Dictionary`2 parameters)
   at OpenQA.Selenium.WebElement.get_Size()
   at ConsummerScreenPageBot.AdCapture.CaptureBySelectors(IWebDriver driver, String[] selectors, String hostLabel, String startupPath, String logPath) in F:\PROJECT\CAPTURE_FULL_PAGE_C#_SELELIUM\CONSUM_SCREEN_PAGE_BY_SE_C__GIT\CONSUMMER_Capture_FullPage_By_Selelium_C-\ConsummerScreenPageBot\Utils\AdCapture.cs:line 63
[2025-10-30 23:04:13] [EnsureAnalyzePublisher] RabbitMQ.Client.Exceptions.BrokerUnreachableException: None of the specified endpoints were reachable
 ---> System.AggregateException: One or more errors occurred. (Connection failed)
 ---> RabbitMQ.Client.Exceptions.ConnectFailureException: Connection failed
 ---> System.Net.Sockets.SocketException (10060): A connection attempt failed because the connected party did not properly respond after a period of time, or established connection failed because connected host has failed to respond.
   at System.Net.Sockets.Socket.AwaitableSocketAsyncEventArgs.ThrowException(SocketError error, CancellationToken cancellationToken)
   at System.Net.Sockets.Socket.AwaitableSocketAsyncEventArgs.System.Threading.Tasks.Sources.IValueTaskSource.GetResult(Int16 token)
   at System.Threading.Tasks.ValueTask.ValueTaskSourceAsTask.<>c.<.cctor>b__4_0(Object state)
--- End of stack trace from previous location ---
   at RabbitMQ.Client.TcpClientAdapter.ConnectAsync(String host, Int32 port)
   at RabbitMQ.Client.Impl.TaskExtensions.TimeoutAfter(Task task, TimeSpan timeout)
   at RabbitMQ.Client.Impl.SocketFrameHandler.ConnectOrFail(ITcpClient socket, AmqpTcpEndpoint endpoint, TimeSpan timeout)
   --- End of inner exception stack trace ---
   at RabbitMQ.Client.Impl.SocketFrameHandler.ConnectOrFail(ITcpClient socket, AmqpTcpEndpoint endpoint, TimeSpan timeout)
   at RabbitMQ.Client.Impl.SocketFrameHandler.ConnectUsingAddressFamily(AmqpTcpEndpoint endpoint, Func`2 socketFactory, TimeSpan timeout, AddressFamily family)
   at RabbitMQ.Client.Impl.SocketFrameHandler.ConnectUsingIPv4(AmqpTcpEndpoint endpoint, Func`2 socketFactory, TimeSpan timeout)
   at RabbitMQ.Client.Impl.SocketFrameHandler..ctor(AmqpTcpEndpoint endpoint, Func`2 socketFactory, TimeSpan connectionTimeout, TimeSpan readTimeout, TimeSpan writeTimeout)
   at RabbitMQ.Client.Framing.Impl.IProtocolExtensions.CreateFrameHandler(IProtocol protocol, AmqpTcpEndpoint endpoint, ArrayPool`1 pool, Func`2 socketFactory, TimeSpan connectionTimeout, TimeSpan readTimeout, TimeSpan writeTimeout)
   at RabbitMQ.Client.ConnectionFactory.CreateFrameHandler(AmqpTcpEndpoint endpoint)
   at RabbitMQ.Client.EndpointResolverExtensions.SelectOne[T](IEndpointResolver resolver, Func`2 selector)
   --- End of inner exception stack trace ---
   at RabbitMQ.Client.EndpointResolverExtensions.SelectOne[T](IEndpointResolver resolver, Func`2 selector)
   at RabbitMQ.Client.Framing.Impl.AutorecoveringConnection.Init(IEndpointResolver endpoints)
   at RabbitMQ.Client.ConnectionFactory.CreateConnection(IEndpointResolver endpointResolver, String clientProvidedName)
   --- End of inner exception stack trace ---
   at RabbitMQ.Client.ConnectionFactory.CreateConnection(IEndpointResolver endpointResolver, String clientProvidedName)
   at RabbitMQ.Client.ConnectionFactory.CreateConnection(String clientProvidedName)
   at RabbitMQ.Client.ConnectionFactory.CreateConnection()
   at ConsummerScreenPageBot.Program.EnsureAnalyzePublisherReady() in F:\PROJECT\CAPTURE_FULL_PAGE_C#_SELELIUM\CONSUM_SCREEN_PAGE_BY_SE_C__GIT\CONSUMMER_Capture_FullPage_By_Selelium_C-\ConsummerScreenPageBot\Program.cs:line 694
[2025-10-30 23:04:16] [SegmentScreenshots] OpenQA.Selenium.NoSuchWindowException: no such window: target window already closed
from unknown error: web view not found
  (Session info: chrome=142.0.7444.60)
   at OpenQA.Selenium.WebDriver.UnpackAndThrowOnError(Response errorResponse, String commandToExecute)
   at OpenQA.Selenium.WebDriver.Execute(String driverCommandToExecute, Dictionary`2 parameters)
   at OpenQA.Selenium.WebDriver.GetScreenshot()
   at ConsummerScreenPageBot.Program.CaptureSegmentScreenshots(IWebDriver driver, String hostLabel, Int32 segmentCount) in F:\PROJECT\CAPTURE_FULL_PAGE_C#_SELELIUM\CONSUM_SCREEN_PAGE_BY_SE_C__GIT\CONSUMMER_Capture_FullPage_By_Selelium_C-\ConsummerScreenPageBot\Program.cs:line 596
[2025-10-30 23:32:53] [CaptureElement] OpenQA.Selenium.StaleElementReferenceException: stale element reference: stale element not found in the current frame
  (Session info: chrome=142.0.7444.60); For documentation on this error, please visit: https://www.selenium.dev/documentation/webdriver/troubleshooting/errors#stale-element-reference-exception
   at OpenQA.Selenium.WebDriver.UnpackAndThrowOnError(Response errorResponse, String commandToExecute)
   at OpenQA.Selenium.WebDriver.Execute(String driverCommandToExecute, Dictionary`2 parameters)
   at OpenQA.Selenium.WebElement.get_Size()
   at ConsummerScreenPageBot.AdCapture.CaptureBySelectors(IWebDriver driver, String[] selectors, String hostLabel, String startupPath, String logPath) in F:\PROJECT\CAPTURE_FULL_PAGE_C#_SELELIUM\CONSUM_SCREEN_PAGE_BY_SE_C__GIT\CONSUMMER_Capture_FullPage_By_Selelium_C-\ConsummerScreenPageBot\Utils\AdCapture.cs:line 63
[2025-10-30 23:49:56] [CaptureElement] OpenQA.Selenium.StaleElementReferenceException: stale element reference: stale element not found in the current frame
  (Session info: chrome=142.0.7444.60); For documentation on this error, please visit: https://www.selenium.dev/documentation/webdriver/troubleshooting/errors#stale-element-reference-exception
   at OpenQA.Selenium.WebDriver.UnpackAndThrowOnError(Response errorResponse, String commandToExecute)
   at OpenQA.Selenium.WebDriver.Execute(String driverCommandToExecute, Dictionary`2 parameters)
   at OpenQA.Selenium.WebElement.get_Size()
   at ConsummerScreenPageBot.AdCapture.CaptureBySelectors(IWebDriver driver, String[] selectors, String hostLabel, String startupPath, String logPath) in F:\PROJECT\CAPTURE_FULL_PAGE_C#_SELELIUM\CONSUM_SCREEN_PAGE_BY_SE_C__GIT\CONSUMMER_Capture_FullPage_By_Selelium_C-\ConsummerScreenPageBot\Utils\AdCapture.cs:line 63
[2025-10-30 23:50:39] [SaveScreenshot] OpenQA.Selenium.NoSuchWindowException: no such window: target window already closed
from unknown error: web view not found
  (Session info: chrome=142.0.7444.60)
   at OpenQA.Selenium.WebDriver.UnpackAndThrowOnError(Response errorResponse, String commandToExecute)
   at OpenQA.Selenium.WebDriver.Execute(String driverCommandToExecute, Dictionary`2 parameters)
   at OpenQA.Selenium.WebElement.get_Location()
   at ConsummerScreenPageBot.AdCapture.SaveElementScreenshot(IWebElement element, String hostLabel, String elementLabel, Int32 measuredWidth, Int32 measuredHeight, Int32 index, String startupPath, String logPath) in F:\PROJECT\CAPTURE_FULL_PAGE_C#_SELELIUM\CONSUM_SCREEN_PAGE_BY_SE_C__GIT\CONSUMMER_Capture_FullPage_By_Selelium_C-\ConsummerScreenPageBot\Utils\AdCapture.cs:line 154
[2025-10-30 23:50:39] [CaptureElement] OpenQA.Selenium.NoSuchWindowException: no such window: target window already closed
from unknown error: web view not found
  (Session info: chrome=142.0.7444.60)
   at OpenQA.Selenium.WebDriver.UnpackAndThrowOnError(Response errorResponse, String commandToExecute)
   at OpenQA.Selenium.WebDriver.Execute(String driverCommandToExecute, Dictionary`2 parameters)
   at OpenQA.Selenium.WebElement.get_Size()
   at ConsummerScreenPageBot.AdCapture.CaptureBySelectors(IWebDriver driver, String[] selectors, String hostLabel, String startupPath, String logPath) in F:\PROJECT\CAPTURE_FULL_PAGE_C#_SELELIUM\CONSUM_SCREEN_PAGE_BY_SE_C__GIT\CONSUMMER_Capture_FullPage_By_Selelium_C-\ConsummerScreenPageBot\Utils\AdCapture.cs:line 63
[2025-10-30 23:50:40] [CaptureElement] OpenQA.Selenium.NoSuchWindowException: no such window: target window already closed
from unknown error: web view not found
  (Session info: chrome=142.0.7444.60)
   at OpenQA.Selenium.WebDriver.UnpackAndThrowOnError(Response errorResponse, String commandToExecute)
   at OpenQA.Selenium.WebDriver.Execute(String driverCommandToExecute, Dictionary`2 parameters)
   at OpenQA.Selenium.WebElement.get_Size()
   at ConsummerScreenPageBot.AdCapture.CaptureBySelectors(IWebDriver driver, String[] selectors, String hostLabel, String startupPath, String logPath) in F:\PROJECT\CAPTURE_FULL_PAGE_C#_SELELIUM\CONSUM_SCREEN_PAGE_BY_SE_C__GIT\CONSUMMER_Capture_FullPage_By_Selelium_C-\ConsummerScreenPageBot\Utils\AdCapture.cs:line 63
[2025-10-30 23:50:40] [CaptureElement] OpenQA.Selenium.NoSuchWindowException: no such window: target window already closed
from unknown error: web view not found
  (Session info: chrome=142.0.7444.60)
   at OpenQA.Selenium.WebDriver.UnpackAndThrowOnError(Response errorResponse, String commandToExecute)
   at OpenQA.Selenium.WebDriver.Execute(String driverCommandToExecute, Dictionary`2 parameters)
   at OpenQA.Selenium.WebElement.get_Size()
   at ConsummerScreenPageBot.AdCapture.CaptureBySelectors(IWebDriver driver, String[] selectors, String hostLabel, String startupPath, String logPath) in F:\PROJECT\CAPTURE_FULL_PAGE_C#_SELELIUM\CONSUM_SCREEN_PAGE_BY_SE_C__GIT\CONSUMMER_Capture_FullPage_By_Selelium_C-\ConsummerScreenPageBot\Utils\AdCapture.cs:line 63
[2025-10-30 23:50:40] [CaptureElement] OpenQA.Selenium.NoSuchWindowException: no such window: target window already closed
from unknown error: web view not found
  (Session info: chrome=142.0.7444.60)
   at OpenQA.Selenium.WebDriver.UnpackAndThrowOnError(Response errorResponse, String commandToExecute)
   at OpenQA.Selenium.WebDriver.Execute(String driverCommandToExecute, Dictionary`2 parameters)
   at OpenQA.Selenium.WebElement.get_Size()
   at ConsummerScreenPageBot.AdCapture.CaptureBySelectors(IWebDriver driver, String[] selectors, String hostLabel, String startupPath, String logPath) in F:\PROJECT\CAPTURE_FULL_PAGE_C#_SELELIUM\CONSUM_SCREEN_PAGE_BY_SE_C__GIT\CONSUMMER_Capture_FullPage_By_Selelium_C-\ConsummerScreenPageBot\Utils\AdCapture.cs:line 63
[2025-10-30 23:50:40] [CaptureElement] OpenQA.Selenium.NoSuchWindowException: no such window: target window already closed
from unknown error: web view not found
  (Session info: chrome=142.0.7444.60)
   at OpenQA.Selenium.WebDriver.UnpackAndThrowOnError(Response errorResponse, String commandToExecute)
   at OpenQA.Selenium.WebDriver.Execute(String driverCommandToExecute, Dictionary`2 parameters)
   at OpenQA.Selenium.WebElement.get_Size()
   at ConsummerScreenPageBot.AdCapture.CaptureBySelectors(IWebDriver driver, String[] selectors, String hostLabel, String startupPath, String logPath) in F:\PROJECT\CAPTURE_FULL_PAGE_C#_SELELIUM\CONSUM_SCREEN_PAGE_BY_SE_C__GIT\CONSUMMER_Capture_FullPage_By_Selelium_C-\ConsummerScreenPageBot\Utils\AdCapture.cs:line 63
[2025-10-30 23:50:40] [CaptureElement] OpenQA.Selenium.NoSuchWindowException: no such window: target window already closed
from unknown error: web view not found
  (Session info: chrome=142.0.7444.60)
   at OpenQA.Selenium.WebDriver.UnpackAndThrowOnError(Response errorResponse, String commandToExecute)
   at OpenQA.Selenium.WebDriver.Execute(String driverCommandToExecute, Dictionary`2 parameters)
   at OpenQA.Selenium.WebElement.get_Size()
   at ConsummerScreenPageBot.AdCapture.CaptureBySelectors(IWebDriver driver, String[] selectors, String hostLabel, String startupPath, String logPath) in F:\PROJECT\CAPTURE_FULL_PAGE_C#_SELELIUM\CONSUM_SCREEN_PAGE_BY_SE_C__GIT\CONSUMMER_Capture_FullPage_By_Selelium_C-\ConsummerScreenPageBot\Utils\AdCapture.cs:line 63
[2025-10-30 23:50:41] [CaptureElement] OpenQA.Selenium.NoSuchWindowException: no such window: target window already closed
from unknown error: web view not found
  (Session info: chrome=142.0.7444.60)
   at OpenQA.Selenium.WebDriver.UnpackAndThrowOnError(Response errorResponse, String commandToExecute)
   at OpenQA.Selenium.WebDriver.Execute(String driverCommandToExecute, Dictionary`2 parameters)
   at OpenQA.Selenium.WebElement.get_Size()
   at ConsummerScreenPageBot.AdCapture.CaptureBySelectors(IWebDriver driver, String[] selectors, String hostLabel, String startupPath, String logPath) in F:\PROJECT\CAPTURE_FULL_PAGE_C#_SELELIUM\CONSUM_SCREEN_PAGE_BY_SE_C__GIT\CONSUMMER_Capture_FullPage_By_Selelium_C-\ConsummerScreenPageBot\Utils\AdCapture.cs:line 63
[2025-10-30 23:50:41] [CaptureElement] OpenQA.Selenium.NoSuchWindowException: no such window: target window already closed
from unknown error: web view not found
  (Session info: chrome=142.0.7444.60)
   at OpenQA.Selenium.WebDriver.UnpackAndThrowOnError(Response errorResponse, String commandToExecute)
   at OpenQA.Selenium.WebDriver.Execute(String driverCommandToExecute, Dictionary`2 parameters)
   at OpenQA.Selenium.WebElement.get_Size()
   at ConsummerScreenPageBot.AdCapture.CaptureBySelectors(IWebDriver driver, String[] selectors, String hostLabel, String startupPath, String logPath) in F:\PROJECT\CAPTURE_FULL_PAGE_C#_SELELIUM\CONSUM_SCREEN_PAGE_BY_SE_C__GIT\CONSUMMER_Capture_FullPage_By_Selelium_C-\ConsummerScreenPageBot\Utils\AdCapture.cs:line 63
[2025-10-30 23:50:41] [QuerySelector] OpenQA.Selenium.NoSuchWindowException: no such window: target window already closed
from unknown error: web view not found
  (Session info: chrome=142.0.7444.60)
   at OpenQA.Selenium.WebDriver.UnpackAndThrowOnError(Response errorResponse, String commandToExecute)
   at OpenQA.Selenium.WebDriver.Execute(String driverCommandToExecute, Dictionary`2 parameters)
   at OpenQA.Selenium.WebDriver.FindElements(String mechanism, String value)
   at OpenQA.Selenium.By.<.ctor>b__11_1(ISearchContext context)
   at OpenQA.Selenium.By.FindElements(ISearchContext context)
   at OpenQA.Selenium.WebDriver.FindElements(By by)
   at ConsummerScreenPageBot.AdCapture.CaptureBySelectors(IWebDriver driver, String[] selectors, String hostLabel, String startupPath, String logPath) in F:\PROJECT\CAPTURE_FULL_PAGE_C#_SELELIUM\CONSUM_SCREEN_PAGE_BY_SE_C__GIT\CONSUMMER_Capture_FullPage_By_Selelium_C-\ConsummerScreenPageBot\Utils\AdCapture.cs:line 37
[2025-10-30 23:50:41] [CaptureAdIframes.Root] OpenQA.Selenium.NoSuchWindowException: no such window: target window already closed
from unknown error: web view not found
  (Session info: chrome=142.0.7444.60)
   at OpenQA.Selenium.WebDriver.UnpackAndThrowOnError(Response errorResponse, String commandToExecute)
   at OpenQA.Selenium.WebDriver.Execute(String driverCommandToExecute, Dictionary`2 parameters)
   at OpenQA.Selenium.WebDriver.FindElements(String mechanism, String value)
   at OpenQA.Selenium.By.<.ctor>b__11_1(ISearchContext context)
   at OpenQA.Selenium.By.FindElements(ISearchContext context)
   at OpenQA.Selenium.WebDriver.FindElements(By by)
   at ConsummerScreenPageBot.AdCapture.CaptureAdIframes(IWebDriver driver, String hostLabel, String startupPath, String logPath) in F:\PROJECT\CAPTURE_FULL_PAGE_C#_SELELIUM\CONSUM_SCREEN_PAGE_BY_SE_C__GIT\CONSUMMER_Capture_FullPage_By_Selelium_C-\ConsummerScreenPageBot\Utils\AdCapture.cs:line 94
[2025-10-30 23:50:41] [SegmentScreenshots] OpenQA.Selenium.NoSuchWindowException: no such window: target window already closed
from unknown error: web view not found
  (Session info: chrome=142.0.7444.60)
   at OpenQA.Selenium.WebDriver.UnpackAndThrowOnError(Response errorResponse, String commandToExecute)
   at OpenQA.Selenium.WebDriver.Execute(String driverCommandToExecute, Dictionary`2 parameters)
   at OpenQA.Selenium.WebDriver.GetScreenshot()
   at ConsummerScreenPageBot.Program.CaptureSegmentScreenshots(IWebDriver driver, String hostLabel, Int32 segmentCount) in F:\PROJECT\CAPTURE_FULL_PAGE_C#_SELELIUM\CONSUM_SCREEN_PAGE_BY_SE_C__GIT\CONSUMMER_Capture_FullPage_By_Selelium_C-\ConsummerScreenPageBot\Program.cs:line 596
[2025-10-30 23:57:33] [Handle Error] RabbitMQ.Client.Exceptions.BrokerUnreachableException: None of the specified endpoints were reachable
 ---> System.AggregateException: One or more errors occurred. (Connection failed)
 ---> RabbitMQ.Client.Exceptions.ConnectFailureException: Connection failed
 ---> System.Net.Sockets.SocketException (10060): A connection attempt failed because the connected party did not properly respond after a period of time, or established connection failed because connected host has failed to respond.
   at System.Net.Sockets.Socket.AwaitableSocketAsyncEventArgs.ThrowException(SocketError error, CancellationToken cancellationToken)
   at System.Net.Sockets.Socket.AwaitableSocketAsyncEventArgs.System.Threading.Tasks.Sources.IValueTaskSource.GetResult(Int16 token)
   at System.Threading.Tasks.ValueTask.ValueTaskSourceAsTask.<>c.<.cctor>b__4_0(Object state)
--- End of stack trace from previous location ---
   at RabbitMQ.Client.TcpClientAdapter.ConnectAsync(String host, Int32 port)
   at RabbitMQ.Client.Impl.TaskExtensions.TimeoutAfter(Task task, TimeSpan timeout)
   at RabbitMQ.Client.Impl.SocketFrameHandler.ConnectOrFail(ITcpClient socket, AmqpTcpEndpoint endpoint, TimeSpan timeout)
   --- End of inner exception stack trace ---
   at RabbitMQ.Client.Impl.SocketFrameHandler.ConnectOrFail(ITcpClient socket, AmqpTcpEndpoint endpoint, TimeSpan timeout)
   at RabbitMQ.Client.Impl.SocketFrameHandler.ConnectUsingAddressFamily(AmqpTcpEndpoint endpoint, Func`2 socketFactory, TimeSpan timeout, AddressFamily family)
   at RabbitMQ.Client.Impl.SocketFrameHandler.ConnectUsingIPv4(AmqpTcpEndpoint endpoint, Func`2 socketFactory, TimeSpan timeout)
   at RabbitMQ.Client.Impl.SocketFrameHandler..ctor(AmqpTcpEndpoint endpoint, Func`2 socketFactory, TimeSpan connectionTimeout, TimeSpan readTimeout, TimeSpan writeTimeout)
   at RabbitMQ.Client.Framing.Impl.IProtocolExtensions.CreateFrameHandler(IProtocol protocol, AmqpTcpEndpoint endpoint, ArrayPool`1 pool, Func`2 socketFactory, TimeSpan connectionTimeout, TimeSpan readTimeout, TimeSpan writeTimeout)
   at RabbitMQ.Client.ConnectionFactory.CreateFrameHandler(AmqpTcpEndpoint endpoint)
   at RabbitMQ.Client.EndpointResolverExtensions.SelectOne[T](IEndpointResolver resolver, Func`2 selector)
   --- End of inner exception stack trace ---
   at RabbitMQ.Client.EndpointResolverExtensions.SelectOne[T](IEndpointResolver resolver, Func`2 selector)
   at RabbitMQ.Client.Framing.Impl.AutorecoveringConnection.Init(IEndpointResolver endpoints)
   at RabbitMQ.Client.ConnectionFactory.CreateConnection(IEndpointResolver endpointResolver, String clientProvidedName)
   --- End of inner exception stack trace ---
   at RabbitMQ.Client.ConnectionFactory.CreateConnection(IEndpointResolver endpointResolver, String clientProvidedName)
   at RabbitMQ.Client.ConnectionFactory.CreateConnection(String clientProvidedName)
   at RabbitMQ.Client.ConnectionFactory.CreateConnection()
   at ConsummerScreenPageBot.Program.Main(String[] args) in F:\PROJECT\CAPTURE_FULL_PAGE_C#_SELELIUM\CONSUM_SCREEN_PAGE_BY_SE_C__GIT\CONSUMMER_Capture_FullPage_By_Selelium_C-\ConsummerScreenPageBot\Program.cs:line 225
